{
    "/Users/mtsraposo/dev/node-something/src/env.js": {
        "path": "/Users/mtsraposo/dev/node-something/src/env.js",
        "all": false,
        "statementMap": {
            "0": { "start": { "line": 1, "column": 0 }, "end": { "line": 1, "column": 72 } },
            "1": { "start": { "line": 2, "column": 0 }, "end": { "line": 2, "column": 0 } },
            "2": { "start": { "line": 3, "column": 0 }, "end": { "line": 3, "column": 68 } },
            "3": { "start": { "line": 4, "column": 0 }, "end": { "line": 4, "column": 17 } },
            "4": { "start": { "line": 5, "column": 0 }, "end": { "line": 5, "column": 60 } },
            "5": { "start": { "line": 6, "column": 0 }, "end": { "line": 6, "column": 77 } },
            "6": { "start": { "line": 7, "column": 0 }, "end": { "line": 7, "column": 2 } },
            "7": { "start": { "line": 8, "column": 0 }, "end": { "line": 8, "column": 14 } },
            "8": { "start": { "line": 9, "column": 0 }, "end": { "line": 9, "column": 57 } },
            "9": { "start": { "line": 10, "column": 0 }, "end": { "line": 10, "column": 64 } },
            "10": { "start": { "line": 11, "column": 0 }, "end": { "line": 11, "column": 2 } },
            "11": { "start": { "line": 12, "column": 0 }, "end": { "line": 12, "column": 0 } },
            "12": { "start": { "line": 13, "column": 0 }, "end": { "line": 13, "column": 20 } },
            "13": { "start": { "line": 14, "column": 0 }, "end": { "line": 14, "column": 14 } },
            "14": { "start": { "line": 15, "column": 0 }, "end": { "line": 15, "column": 15 } },
            "15": { "start": { "line": 16, "column": 0 }, "end": { "line": 16, "column": 22 } },
            "16": { "start": { "line": 17, "column": 0 }, "end": { "line": 17, "column": 32 } },
            "17": { "start": { "line": 18, "column": 0 }, "end": { "line": 18, "column": 39 } },
            "18": { "start": { "line": 19, "column": 0 }, "end": { "line": 19, "column": 72 } },
            "19": { "start": { "line": 20, "column": 0 }, "end": { "line": 20, "column": 14 } },
            "20": { "start": { "line": 21, "column": 0 }, "end": { "line": 21, "column": 19 } },
            "21": { "start": { "line": 22, "column": 0 }, "end": { "line": 22, "column": 29 } },
            "22": { "start": { "line": 23, "column": 0 }, "end": { "line": 23, "column": 36 } },
            "23": { "start": { "line": 24, "column": 0 }, "end": { "line": 24, "column": 44 } },
            "24": { "start": { "line": 25, "column": 0 }, "end": { "line": 25, "column": 14 } },
            "25": { "start": { "line": 26, "column": 0 }, "end": { "line": 26, "column": 10 } },
            "26": { "start": { "line": 27, "column": 0 }, "end": { "line": 27, "column": 37 } },
            "27": { "start": { "line": 28, "column": 0 }, "end": { "line": 28, "column": 6 } },
            "28": { "start": { "line": 29, "column": 0 }, "end": { "line": 29, "column": 42 } },
            "29": { "start": { "line": 30, "column": 0 }, "end": { "line": 30, "column": 2 } }
        },
        "s": {
            "0": 4,
            "1": 4,
            "2": 4,
            "3": 4,
            "4": 4,
            "5": 4,
            "6": 4,
            "7": 4,
            "8": 4,
            "9": 4,
            "10": 4,
            "11": 4,
            "12": 4,
            "13": 4,
            "14": 4,
            "15": 4,
            "16": 4,
            "17": 4,
            "18": 4,
            "19": 4,
            "20": 4,
            "21": 4,
            "22": 4,
            "23": 4,
            "24": 4,
            "25": 4,
            "26": 4,
            "27": 4,
            "28": 4,
            "29": 4
        },
        "branchMap": {
            "0": {
                "type": "branch",
                "line": 1,
                "loc": { "start": { "line": 1, "column": 0 }, "end": { "line": 30, "column": 2 } },
                "locations": [
                    { "start": { "line": 1, "column": 0 }, "end": { "line": 30, "column": 2 } }
                ]
            },
            "1": {
                "type": "branch",
                "line": 3,
                "loc": { "start": { "line": 3, "column": 50 }, "end": { "line": 3, "column": 54 } },
                "locations": [
                    { "start": { "line": 3, "column": 50 }, "end": { "line": 3, "column": 54 } }
                ]
            }
        },
        "b": { "0": [4], "1": [0] },
        "fnMap": {},
        "f": {}
    },
    "/Users/mtsraposo/dev/node-something/src/logger.js": {
        "path": "/Users/mtsraposo/dev/node-something/src/logger.js",
        "all": false,
        "statementMap": {
            "0": { "start": { "line": 1, "column": 0 }, "end": { "line": 1, "column": 14 } },
            "1": { "start": { "line": 2, "column": 0 }, "end": { "line": 2, "column": 23 } },
            "2": { "start": { "line": 3, "column": 0 }, "end": { "line": 3, "column": 53 } },
            "3": { "start": { "line": 4, "column": 0 }, "end": { "line": 4, "column": 5 } },
            "4": { "start": { "line": 5, "column": 0 }, "end": { "line": 5, "column": 0 } },
            "5": { "start": { "line": 6, "column": 0 }, "end": { "line": 6, "column": 22 } },
            "6": { "start": { "line": 7, "column": 0 }, "end": { "line": 7, "column": 51 } },
            "7": { "start": { "line": 8, "column": 0 }, "end": { "line": 8, "column": 5 } },
            "8": { "start": { "line": 9, "column": 0 }, "end": { "line": 9, "column": 0 } },
            "9": { "start": { "line": 10, "column": 0 }, "end": { "line": 10, "column": 22 } },
            "10": { "start": { "line": 11, "column": 0 }, "end": { "line": 11, "column": 51 } },
            "11": { "start": { "line": 12, "column": 0 }, "end": { "line": 12, "column": 5 } },
            "12": { "start": { "line": 13, "column": 0 }, "end": { "line": 13, "column": 0 } },
            "13": { "start": { "line": 14, "column": 0 }, "end": { "line": 14, "column": 23 } },
            "14": { "start": { "line": 15, "column": 0 }, "end": { "line": 15, "column": 53 } },
            "15": { "start": { "line": 16, "column": 0 }, "end": { "line": 16, "column": 5 } },
            "16": { "start": { "line": 17, "column": 0 }, "end": { "line": 17, "column": 1 } },
            "17": { "start": { "line": 18, "column": 0 }, "end": { "line": 18, "column": 0 } },
            "18": { "start": { "line": 19, "column": 0 }, "end": { "line": 19, "column": 28 } },
            "19": { "start": { "line": 20, "column": 0 }, "end": { "line": 20, "column": 0 } },
            "20": { "start": { "line": 21, "column": 0 }, "end": { "line": 21, "column": 22 } }
        },
        "s": {
            "0": 7,
            "1": 7,
            "2": 0,
            "3": 0,
            "4": 7,
            "5": 7,
            "6": 47,
            "7": 47,
            "8": 7,
            "9": 7,
            "10": 0,
            "11": 0,
            "12": 7,
            "13": 7,
            "14": 1,
            "15": 1,
            "16": 7,
            "17": 7,
            "18": 7,
            "19": 7,
            "20": 7
        },
        "branchMap": {
            "0": {
                "type": "branch",
                "line": 1,
                "loc": { "start": { "line": 1, "column": 0 }, "end": { "line": 21, "column": 22 } },
                "locations": [
                    { "start": { "line": 1, "column": 0 }, "end": { "line": 21, "column": 22 } }
                ]
            },
            "1": {
                "type": "branch",
                "line": 6,
                "loc": { "start": { "line": 6, "column": 4 }, "end": { "line": 8, "column": 5 } },
                "locations": [
                    { "start": { "line": 6, "column": 4 }, "end": { "line": 8, "column": 5 } }
                ]
            },
            "2": {
                "type": "branch",
                "line": 14,
                "loc": { "start": { "line": 14, "column": 4 }, "end": { "line": 16, "column": 5 } },
                "locations": [
                    { "start": { "line": 14, "column": 4 }, "end": { "line": 16, "column": 5 } }
                ]
            }
        },
        "b": { "0": [7], "1": [47], "2": [1] },
        "fnMap": {
            "0": {
                "name": "debug",
                "decl": { "start": { "line": 2, "column": 4 }, "end": { "line": 4, "column": 5 } },
                "loc": { "start": { "line": 2, "column": 4 }, "end": { "line": 4, "column": 5 } },
                "line": 2
            },
            "1": {
                "name": "info",
                "decl": { "start": { "line": 6, "column": 4 }, "end": { "line": 8, "column": 5 } },
                "loc": { "start": { "line": 6, "column": 4 }, "end": { "line": 8, "column": 5 } },
                "line": 6
            },
            "2": {
                "name": "warn",
                "decl": {
                    "start": { "line": 10, "column": 4 },
                    "end": { "line": 12, "column": 5 }
                },
                "loc": { "start": { "line": 10, "column": 4 }, "end": { "line": 12, "column": 5 } },
                "line": 10
            },
            "3": {
                "name": "error",
                "decl": {
                    "start": { "line": 14, "column": 4 },
                    "end": { "line": 16, "column": 5 }
                },
                "loc": { "start": { "line": 14, "column": 4 }, "end": { "line": 16, "column": 5 } },
                "line": 14
            }
        },
        "f": { "0": 0, "1": 47, "2": 0, "3": 1 }
    },
    "/Users/mtsraposo/dev/node-something/src/clients/WebSocketSupervisor.js": {
        "path": "/Users/mtsraposo/dev/node-something/src/clients/WebSocketSupervisor.js",
        "all": false,
        "statementMap": {
            "0": { "start": { "line": 1, "column": 0 }, "end": { "line": 1, "column": 34 } },
            "1": { "start": { "line": 2, "column": 0 }, "end": { "line": 2, "column": 36 } },
            "2": { "start": { "line": 3, "column": 0 }, "end": { "line": 3, "column": 41 } },
            "3": { "start": { "line": 4, "column": 0 }, "end": { "line": 4, "column": 0 } },
            "4": { "start": { "line": 5, "column": 0 }, "end": { "line": 5, "column": 48 } },
            "5": { "start": { "line": 6, "column": 0 }, "end": { "line": 6, "column": 33 } },
            "6": { "start": { "line": 7, "column": 0 }, "end": { "line": 7, "column": 16 } },
            "7": { "start": { "line": 8, "column": 0 }, "end": { "line": 8, "column": 45 } },
            "8": { "start": { "line": 9, "column": 0 }, "end": { "line": 9, "column": 37 } },
            "9": { "start": { "line": 10, "column": 0 }, "end": { "line": 10, "column": 5 } },
            "10": { "start": { "line": 11, "column": 0 }, "end": { "line": 11, "column": 0 } },
            "11": { "start": { "line": 12, "column": 0 }, "end": { "line": 12, "column": 25 } },
            "12": { "start": { "line": 13, "column": 0 }, "end": { "line": 13, "column": 55 } },
            "13": { "start": { "line": 14, "column": 0 }, "end": { "line": 14, "column": 0 } },
            "14": { "start": { "line": 15, "column": 0 }, "end": { "line": 15, "column": 36 } },
            "15": { "start": { "line": 16, "column": 0 }, "end": { "line": 16, "column": 74 } },
            "16": { "start": { "line": 17, "column": 0 }, "end": { "line": 17, "column": 11 } },
            "17": { "start": { "line": 18, "column": 0 }, "end": { "line": 18, "column": 0 } },
            "18": { "start": { "line": 19, "column": 0 }, "end": { "line": 19, "column": 54 } },
            "19": { "start": { "line": 20, "column": 0 }, "end": { "line": 20, "column": 45 } },
            "20": { "start": { "line": 21, "column": 0 }, "end": { "line": 21, "column": 45 } },
            "21": { "start": { "line": 22, "column": 0 }, "end": { "line": 22, "column": 11 } },
            "22": { "start": { "line": 23, "column": 0 }, "end": { "line": 23, "column": 0 } },
            "23": { "start": { "line": 24, "column": 0 }, "end": { "line": 24, "column": 42 } },
            "24": { "start": { "line": 25, "column": 0 }, "end": { "line": 25, "column": 41 } },
            "25": { "start": { "line": 26, "column": 0 }, "end": { "line": 26, "column": 11 } },
            "26": { "start": { "line": 27, "column": 0 }, "end": { "line": 27, "column": 0 } },
            "27": { "start": { "line": 28, "column": 0 }, "end": { "line": 28, "column": 51 } },
            "28": { "start": { "line": 29, "column": 0 }, "end": { "line": 29, "column": 24 } },
            "29": { "start": { "line": 30, "column": 0 }, "end": { "line": 30, "column": 100 } },
            "30": { "start": { "line": 31, "column": 0 }, "end": { "line": 31, "column": 14 } },
            "31": { "start": { "line": 32, "column": 0 }, "end": { "line": 32, "column": 70 } },
            "32": { "start": { "line": 33, "column": 0 }, "end": { "line": 33, "column": 11 } },
            "33": { "start": { "line": 34, "column": 0 }, "end": { "line": 34, "column": 0 } },
            "34": { "start": { "line": 35, "column": 0 }, "end": { "line": 35, "column": 25 } },
            "35": { "start": { "line": 36, "column": 0 }, "end": { "line": 36, "column": 5 } },
            "36": { "start": { "line": 37, "column": 0 }, "end": { "line": 37, "column": 0 } },
            "37": { "start": { "line": 38, "column": 0 }, "end": { "line": 38, "column": 25 } },
            "38": { "start": { "line": 39, "column": 0 }, "end": { "line": 39, "column": 50 } },
            "39": { "start": { "line": 40, "column": 0 }, "end": { "line": 40, "column": 43 } },
            "40": { "start": { "line": 41, "column": 0 }, "end": { "line": 41, "column": 37 } },
            "41": { "start": { "line": 42, "column": 0 }, "end": { "line": 42, "column": 15 } },
            "42": { "start": { "line": 43, "column": 0 }, "end": { "line": 43, "column": 11 } },
            "43": { "start": { "line": 44, "column": 0 }, "end": { "line": 44, "column": 5 } },
            "44": { "start": { "line": 45, "column": 0 }, "end": { "line": 45, "column": 0 } },
            "45": { "start": { "line": 46, "column": 0 }, "end": { "line": 46, "column": 20 } },
            "46": { "start": { "line": 47, "column": 0 }, "end": { "line": 47, "column": 50 } },
            "47": { "start": { "line": 48, "column": 0 }, "end": { "line": 48, "column": 51 } },
            "48": { "start": { "line": 49, "column": 0 }, "end": { "line": 49, "column": 34 } },
            "49": { "start": { "line": 50, "column": 0 }, "end": { "line": 50, "column": 15 } },
            "50": { "start": { "line": 51, "column": 0 }, "end": { "line": 51, "column": 11 } },
            "51": { "start": { "line": 52, "column": 0 }, "end": { "line": 52, "column": 5 } },
            "52": { "start": { "line": 53, "column": 0 }, "end": { "line": 53, "column": 1 } },
            "53": { "start": { "line": 54, "column": 0 }, "end": { "line": 54, "column": 0 } },
            "54": { "start": { "line": 55, "column": 0 }, "end": { "line": 55, "column": 35 } }
        },
        "s": {
            "0": 5,
            "1": 5,
            "2": 5,
            "3": 5,
            "4": 5,
            "5": 5,
            "6": 45,
            "7": 45,
            "8": 45,
            "9": 45,
            "10": 5,
            "11": 5,
            "12": 19,
            "13": 19,
            "14": 19,
            "15": 19,
            "16": 19,
            "17": 19,
            "18": 19,
            "19": 12,
            "20": 12,
            "21": 19,
            "22": 19,
            "23": 19,
            "24": 0,
            "25": 19,
            "26": 19,
            "27": 19,
            "28": 18,
            "29": 18,
            "30": 18,
            "31": 18,
            "32": 19,
            "33": 19,
            "34": 19,
            "35": 19,
            "36": 5,
            "37": 5,
            "38": 19,
            "39": 19,
            "40": 19,
            "41": 19,
            "42": 19,
            "43": 19,
            "44": 5,
            "45": 5,
            "46": 17,
            "47": 17,
            "48": 17,
            "49": 17,
            "50": 17,
            "51": 17,
            "52": 5,
            "53": 5,
            "54": 5
        },
        "branchMap": {
            "0": {
                "type": "branch",
                "line": 1,
                "loc": { "start": { "line": 1, "column": 0 }, "end": { "line": 55, "column": 35 } },
                "locations": [
                    { "start": { "line": 1, "column": 0 }, "end": { "line": 55, "column": 35 } }
                ]
            },
            "1": {
                "type": "branch",
                "line": 6,
                "loc": { "start": { "line": 6, "column": 4 }, "end": { "line": 10, "column": 5 } },
                "locations": [
                    { "start": { "line": 6, "column": 4 }, "end": { "line": 10, "column": 5 } }
                ]
            },
            "2": {
                "type": "branch",
                "line": 12,
                "loc": { "start": { "line": 12, "column": 4 }, "end": { "line": 36, "column": 5 } },
                "locations": [
                    { "start": { "line": 12, "column": 4 }, "end": { "line": 36, "column": 5 } }
                ]
            },
            "3": {
                "type": "branch",
                "line": 15,
                "loc": {
                    "start": { "line": 15, "column": 29 },
                    "end": { "line": 17, "column": 9 }
                },
                "locations": [
                    { "start": { "line": 15, "column": 29 }, "end": { "line": 17, "column": 9 } }
                ]
            },
            "4": {
                "type": "branch",
                "line": 19,
                "loc": {
                    "start": { "line": 19, "column": 32 },
                    "end": { "line": 22, "column": 9 }
                },
                "locations": [
                    { "start": { "line": 19, "column": 32 }, "end": { "line": 22, "column": 9 } }
                ]
            },
            "5": {
                "type": "branch",
                "line": 28,
                "loc": {
                    "start": { "line": 28, "column": 30 },
                    "end": { "line": 33, "column": 9 }
                },
                "locations": [
                    { "start": { "line": 28, "column": 30 }, "end": { "line": 33, "column": 9 } }
                ]
            },
            "6": {
                "type": "branch",
                "line": 38,
                "loc": { "start": { "line": 38, "column": 4 }, "end": { "line": 44, "column": 5 } },
                "locations": [
                    { "start": { "line": 38, "column": 4 }, "end": { "line": 44, "column": 5 } }
                ]
            },
            "7": {
                "type": "branch",
                "line": 39,
                "loc": {
                    "start": { "line": 39, "column": 27 },
                    "end": { "line": 43, "column": 9 }
                },
                "locations": [
                    { "start": { "line": 39, "column": 27 }, "end": { "line": 43, "column": 9 } }
                ]
            },
            "8": {
                "type": "branch",
                "line": 40,
                "loc": {
                    "start": { "line": 40, "column": 36 },
                    "end": { "line": 42, "column": 13 }
                },
                "locations": [
                    { "start": { "line": 40, "column": 36 }, "end": { "line": 42, "column": 13 } }
                ]
            },
            "9": {
                "type": "branch",
                "line": 46,
                "loc": { "start": { "line": 46, "column": 4 }, "end": { "line": 52, "column": 5 } },
                "locations": [
                    { "start": { "line": 46, "column": 4 }, "end": { "line": 52, "column": 5 } }
                ]
            },
            "10": {
                "type": "branch",
                "line": 47,
                "loc": {
                    "start": { "line": 47, "column": 27 },
                    "end": { "line": 51, "column": 9 }
                },
                "locations": [
                    { "start": { "line": 47, "column": 27 }, "end": { "line": 51, "column": 9 } }
                ]
            },
            "11": {
                "type": "branch",
                "line": 48,
                "loc": {
                    "start": { "line": 48, "column": 32 },
                    "end": { "line": 50, "column": 13 }
                },
                "locations": [
                    { "start": { "line": 48, "column": 32 }, "end": { "line": 50, "column": 13 } }
                ]
            }
        },
        "b": {
            "0": [5],
            "1": [45],
            "2": [19],
            "3": [19],
            "4": [12],
            "5": [18],
            "6": [19],
            "7": [19],
            "8": [19],
            "9": [17],
            "10": [17],
            "11": [17]
        },
        "fnMap": {
            "0": {
                "name": "WebSocketSupervisor",
                "decl": { "start": { "line": 6, "column": 4 }, "end": { "line": 10, "column": 5 } },
                "loc": { "start": { "line": 6, "column": 4 }, "end": { "line": 10, "column": 5 } },
                "line": 6
            },
            "1": {
                "name": "setupWebSocket",
                "decl": {
                    "start": { "line": 12, "column": 4 },
                    "end": { "line": 36, "column": 5 }
                },
                "loc": { "start": { "line": 12, "column": 4 }, "end": { "line": 36, "column": 5 } },
                "line": 12
            },
            "2": {
                "name": "connectionPromise",
                "decl": {
                    "start": { "line": 38, "column": 4 },
                    "end": { "line": 44, "column": 5 }
                },
                "loc": { "start": { "line": 38, "column": 4 }, "end": { "line": 44, "column": 5 } },
                "line": 38
            },
            "3": {
                "name": "closePromise",
                "decl": {
                    "start": { "line": 46, "column": 4 },
                    "end": { "line": 52, "column": 5 }
                },
                "loc": { "start": { "line": 46, "column": 4 }, "end": { "line": 52, "column": 5 } },
                "line": 46
            }
        },
        "f": { "0": 45, "1": 19, "2": 19, "3": 17 }
    },
    "/Users/mtsraposo/dev/node-something/src/integrations/binance/spot/BinanceSpotApi.js": {
        "path": "/Users/mtsraposo/dev/node-something/src/integrations/binance/spot/BinanceSpotApi.js",
        "all": false,
        "statementMap": {
            "0": { "start": { "line": 1, "column": 0 }, "end": { "line": 1, "column": 73 } },
            "1": { "start": { "line": 2, "column": 0 }, "end": { "line": 2, "column": 77 } },
            "2": { "start": { "line": 3, "column": 0 }, "end": { "line": 3, "column": 26 } },
            "3": { "start": { "line": 4, "column": 0 }, "end": { "line": 4, "column": 39 } },
            "4": { "start": { "line": 5, "column": 0 }, "end": { "line": 5, "column": 0 } },
            "5": { "start": { "line": 6, "column": 0 }, "end": { "line": 6, "column": 22 } },
            "6": { "start": { "line": 7, "column": 0 }, "end": { "line": 7, "column": 99 } },
            "7": { "start": { "line": 8, "column": 0 }, "end": { "line": 8, "column": 23 } },
            "8": { "start": { "line": 9, "column": 0 }, "end": { "line": 9, "column": 37 } },
            "9": { "start": { "line": 10, "column": 0 }, "end": { "line": 10, "column": 25 } },
            "10": { "start": { "line": 11, "column": 0 }, "end": { "line": 11, "column": 5 } },
            "11": { "start": { "line": 12, "column": 0 }, "end": { "line": 12, "column": 0 } },
            "12": { "start": { "line": 13, "column": 0 }, "end": { "line": 13, "column": 46 } },
            "13": { "start": { "line": 14, "column": 0 }, "end": { "line": 14, "column": 98 } },
            "14": { "start": { "line": 15, "column": 0 }, "end": { "line": 15, "column": 0 } },
            "15": { "start": { "line": 16, "column": 0 }, "end": { "line": 16, "column": 23 } },
            "16": { "start": { "line": 17, "column": 0 }, "end": { "line": 17, "column": 36 } },
            "17": { "start": { "line": 18, "column": 0 }, "end": { "line": 18, "column": 28 } },
            "18": { "start": { "line": 19, "column": 0 }, "end": { "line": 19, "column": 66 } },
            "19": { "start": { "line": 20, "column": 0 }, "end": { "line": 20, "column": 15 } },
            "20": { "start": { "line": 21, "column": 0 }, "end": { "line": 21, "column": 9 } },
            "21": { "start": { "line": 22, "column": 0 }, "end": { "line": 22, "column": 0 } },
            "22": { "start": { "line": 23, "column": 0 }, "end": { "line": 23, "column": 32 } },
            "23": { "start": { "line": 24, "column": 0 }, "end": { "line": 24, "column": 29 } },
            "24": { "start": { "line": 25, "column": 0 }, "end": { "line": 25, "column": 30 } },
            "25": { "start": { "line": 26, "column": 0 }, "end": { "line": 26, "column": 22 } },
            "26": { "start": { "line": 27, "column": 0 }, "end": { "line": 27, "column": 19 } },
            "27": { "start": { "line": 28, "column": 0 }, "end": { "line": 28, "column": 22 } },
            "28": { "start": { "line": 29, "column": 0 }, "end": { "line": 29, "column": 49 } },
            "29": { "start": { "line": 30, "column": 0 }, "end": { "line": 30, "column": 68 } },
            "30": { "start": { "line": 31, "column": 0 }, "end": { "line": 31, "column": 14 } },
            "31": { "start": { "line": 32, "column": 0 }, "end": { "line": 32, "column": 32 } },
            "32": { "start": { "line": 33, "column": 0 }, "end": { "line": 33, "column": 33 } },
            "33": { "start": { "line": 34, "column": 0 }, "end": { "line": 34, "column": 54 } },
            "34": { "start": { "line": 35, "column": 0 }, "end": { "line": 35, "column": 58 } },
            "35": { "start": { "line": 36, "column": 0 }, "end": { "line": 36, "column": 18 } },
            "36": { "start": { "line": 37, "column": 0 }, "end": { "line": 37, "column": 14 } },
            "37": { "start": { "line": 38, "column": 0 }, "end": { "line": 38, "column": 11 } },
            "38": { "start": { "line": 39, "column": 0 }, "end": { "line": 39, "column": 5 } },
            "39": { "start": { "line": 40, "column": 0 }, "end": { "line": 40, "column": 0 } },
            "40": { "start": { "line": 41, "column": 0 }, "end": { "line": 41, "column": 50 } },
            "41": { "start": { "line": 42, "column": 0 }, "end": { "line": 42, "column": 72 } },
            "42": { "start": { "line": 43, "column": 0 }, "end": { "line": 43, "column": 52 } },
            "43": { "start": { "line": 44, "column": 0 }, "end": { "line": 44, "column": 25 } },
            "44": { "start": { "line": 45, "column": 0 }, "end": { "line": 45, "column": 19 } },
            "45": { "start": { "line": 46, "column": 0 }, "end": { "line": 46, "column": 11 } },
            "46": { "start": { "line": 47, "column": 0 }, "end": { "line": 47, "column": 5 } },
            "47": { "start": { "line": 48, "column": 0 }, "end": { "line": 48, "column": 1 } },
            "48": { "start": { "line": 49, "column": 0 }, "end": { "line": 49, "column": 0 } },
            "49": { "start": { "line": 50, "column": 0 }, "end": { "line": 50, "column": 30 } }
        },
        "s": {
            "0": 1,
            "1": 1,
            "2": 1,
            "3": 1,
            "4": 1,
            "5": 1,
            "6": 1,
            "7": 1,
            "8": 1,
            "9": 1,
            "10": 1,
            "11": 1,
            "12": 1,
            "13": 2,
            "14": 2,
            "15": 2,
            "16": 1,
            "17": 1,
            "18": 1,
            "19": 1,
            "20": 1,
            "21": 1,
            "22": 1,
            "23": 1,
            "24": 1,
            "25": 1,
            "26": 1,
            "27": 1,
            "28": 1,
            "29": 1,
            "30": 1,
            "31": 1,
            "32": 1,
            "33": 0,
            "34": 0,
            "35": 1,
            "36": 1,
            "37": 1,
            "38": 2,
            "39": 1,
            "40": 1,
            "41": 2,
            "42": 2,
            "43": 2,
            "44": 2,
            "45": 2,
            "46": 2,
            "47": 1,
            "48": 1,
            "49": 1
        },
        "branchMap": {
            "0": {
                "type": "branch",
                "line": 1,
                "loc": { "start": { "line": 1, "column": 0 }, "end": { "line": 50, "column": 30 } },
                "locations": [
                    { "start": { "line": 1, "column": 0 }, "end": { "line": 50, "column": 30 } }
                ]
            },
            "1": {
                "type": "branch",
                "line": 7,
                "loc": { "start": { "line": 7, "column": 4 }, "end": { "line": 11, "column": 5 } },
                "locations": [
                    { "start": { "line": 7, "column": 4 }, "end": { "line": 11, "column": 5 } }
                ]
            },
            "2": {
                "type": "branch",
                "line": 13,
                "loc": { "start": { "line": 13, "column": 4 }, "end": { "line": 39, "column": 5 } },
                "locations": [
                    { "start": { "line": 13, "column": 4 }, "end": { "line": 39, "column": 5 } }
                ]
            },
            "3": {
                "type": "branch",
                "line": 16,
                "loc": {
                    "start": { "line": 16, "column": 22 },
                    "end": { "line": 39, "column": 4 }
                },
                "locations": [
                    { "start": { "line": 16, "column": 22 }, "end": { "line": 39, "column": 4 } }
                ]
            },
            "4": {
                "type": "branch",
                "line": 41,
                "loc": { "start": { "line": 41, "column": 4 }, "end": { "line": 47, "column": 5 } },
                "locations": [
                    { "start": { "line": 41, "column": 4 }, "end": { "line": 47, "column": 5 } }
                ]
            }
        },
        "b": { "0": [1], "1": [1], "2": [2], "3": [1], "4": [2] },
        "fnMap": {
            "0": {
                "name": "BinanceSpotApi",
                "decl": { "start": { "line": 7, "column": 4 }, "end": { "line": 11, "column": 5 } },
                "loc": { "start": { "line": 7, "column": 4 }, "end": { "line": 11, "column": 5 } },
                "line": 7
            },
            "1": {
                "name": "request",
                "decl": {
                    "start": { "line": 13, "column": 4 },
                    "end": { "line": 39, "column": 5 }
                },
                "loc": { "start": { "line": 13, "column": 4 }, "end": { "line": 39, "column": 5 } },
                "line": 13
            },
            "2": {
                "name": "httpClient.transformResponse",
                "decl": {
                    "start": { "line": 33, "column": 16 },
                    "end": { "line": 36, "column": 17 }
                },
                "loc": {
                    "start": { "line": 33, "column": 16 },
                    "end": { "line": 36, "column": 17 }
                },
                "line": 33
            },
            "3": {
                "name": "prepareData",
                "decl": {
                    "start": { "line": 41, "column": 4 },
                    "end": { "line": 47, "column": 5 }
                },
                "loc": { "start": { "line": 41, "column": 4 }, "end": { "line": 47, "column": 5 } },
                "line": 41
            }
        },
        "f": { "0": 1, "1": 2, "2": 0, "3": 2 }
    },
    "/Users/mtsraposo/dev/node-something/src/integrations/binance/spot/constants.js": {
        "path": "/Users/mtsraposo/dev/node-something/src/integrations/binance/spot/constants.js",
        "all": false,
        "statementMap": {
            "0": { "start": { "line": 1, "column": 0 }, "end": { "line": 1, "column": 39 } },
            "1": { "start": { "line": 2, "column": 0 }, "end": { "line": 2, "column": 0 } },
            "2": { "start": { "line": 3, "column": 0 }, "end": { "line": 3, "column": 39 } },
            "3": { "start": { "line": 4, "column": 0 }, "end": { "line": 4, "column": 47 } },
            "4": { "start": { "line": 5, "column": 0 }, "end": { "line": 5, "column": 54 } },
            "5": { "start": { "line": 6, "column": 0 }, "end": { "line": 6, "column": 3 } },
            "6": { "start": { "line": 7, "column": 0 }, "end": { "line": 7, "column": 89 } },
            "7": { "start": { "line": 8, "column": 0 }, "end": { "line": 8, "column": 0 } },
            "8": { "start": { "line": 9, "column": 0 }, "end": { "line": 9, "column": 46 } },
            "9": { "start": { "line": 10, "column": 0 }, "end": { "line": 10, "column": 34 } },
            "10": { "start": { "line": 11, "column": 0 }, "end": { "line": 11, "column": 52 } },
            "11": { "start": { "line": 12, "column": 0 }, "end": { "line": 12, "column": 25 } },
            "12": { "start": { "line": 13, "column": 0 }, "end": { "line": 13, "column": 38 } },
            "13": { "start": { "line": 14, "column": 0 }, "end": { "line": 14, "column": 3 } }
        },
        "s": {
            "0": 1,
            "1": 1,
            "2": 1,
            "3": 1,
            "4": 1,
            "5": 1,
            "6": 1,
            "7": 1,
            "8": 1,
            "9": 1,
            "10": 1,
            "11": 1,
            "12": 1,
            "13": 1
        },
        "branchMap": {
            "0": {
                "type": "branch",
                "line": 1,
                "loc": { "start": { "line": 1, "column": 0 }, "end": { "line": 14, "column": 3 } },
                "locations": [
                    { "start": { "line": 1, "column": 0 }, "end": { "line": 14, "column": 3 } }
                ]
            },
            "1": {
                "type": "branch",
                "line": 7,
                "loc": { "start": { "line": 7, "column": 78 }, "end": { "line": 7, "column": 87 } },
                "locations": [
                    { "start": { "line": 7, "column": 78 }, "end": { "line": 7, "column": 87 } }
                ]
            }
        },
        "b": { "0": [1], "1": [0] },
        "fnMap": {},
        "f": {}
    },
    "/Users/mtsraposo/dev/node-something/src/integrations/binance/streams/BinanceStream.js": {
        "path": "/Users/mtsraposo/dev/node-something/src/integrations/binance/streams/BinanceStream.js",
        "all": false,
        "statementMap": {
            "0": { "start": { "line": 1, "column": 0 }, "end": { "line": 1, "column": 27 } },
            "1": { "start": { "line": 2, "column": 0 }, "end": { "line": 2, "column": 67 } },
            "2": { "start": { "line": 3, "column": 0 }, "end": { "line": 3, "column": 49 } },
            "3": { "start": { "line": 4, "column": 0 }, "end": { "line": 4, "column": 41 } },
            "4": { "start": { "line": 5, "column": 0 }, "end": { "line": 5, "column": 39 } },
            "5": { "start": { "line": 6, "column": 0 }, "end": { "line": 6, "column": 29 } },
            "6": { "start": { "line": 7, "column": 0 }, "end": { "line": 7, "column": 0 } },
            "7": { "start": { "line": 8, "column": 0 }, "end": { "line": 8, "column": 53 } },
            "8": { "start": { "line": 9, "column": 0 }, "end": { "line": 9, "column": 17 } },
            "9": { "start": { "line": 10, "column": 0 }, "end": { "line": 10, "column": 35 } },
            "10": { "start": { "line": 11, "column": 0 }, "end": { "line": 11, "column": 40 } },
            "11": { "start": { "line": 12, "column": 0 }, "end": { "line": 12, "column": 38 } },
            "12": { "start": { "line": 13, "column": 0 }, "end": { "line": 13, "column": 25 } },
            "13": { "start": { "line": 14, "column": 0 }, "end": { "line": 14, "column": 8 } },
            "14": { "start": { "line": 15, "column": 0 }, "end": { "line": 15, "column": 64 } },
            "15": { "start": { "line": 16, "column": 0 }, "end": { "line": 16, "column": 0 } },
            "16": { "start": { "line": 17, "column": 0 }, "end": { "line": 17, "column": 33 } },
            "17": { "start": { "line": 18, "column": 0 }, "end": { "line": 18, "column": 5 } },
            "18": { "start": { "line": 19, "column": 0 }, "end": { "line": 19, "column": 0 } },
            "19": { "start": { "line": 20, "column": 0 }, "end": { "line": 20, "column": 25 } },
            "20": { "start": { "line": 21, "column": 0 }, "end": { "line": 21, "column": 64 } },
            "21": { "start": { "line": 22, "column": 0 }, "end": { "line": 22, "column": 50 } },
            "22": { "start": { "line": 23, "column": 0 }, "end": { "line": 23, "column": 44 } },
            "23": { "start": { "line": 24, "column": 0 }, "end": { "line": 24, "column": 15 } },
            "24": { "start": { "line": 25, "column": 0 }, "end": { "line": 25, "column": 0 } },
            "25": { "start": { "line": 26, "column": 0 }, "end": { "line": 26, "column": 46 } },
            "26": { "start": { "line": 27, "column": 0 }, "end": { "line": 27, "column": 68 } },
            "27": { "start": { "line": 28, "column": 0 }, "end": { "line": 28, "column": 15 } },
            "28": { "start": { "line": 29, "column": 0 }, "end": { "line": 29, "column": 11 } },
            "29": { "start": { "line": 30, "column": 0 }, "end": { "line": 30, "column": 5 } },
            "30": { "start": { "line": 31, "column": 0 }, "end": { "line": 31, "column": 0 } },
            "31": { "start": { "line": 32, "column": 0 }, "end": { "line": 32, "column": 28 } },
            "32": { "start": { "line": 33, "column": 0 }, "end": { "line": 33, "column": 30 } },
            "33": { "start": { "line": 34, "column": 0 }, "end": { "line": 34, "column": 45 } },
            "34": { "start": { "line": 35, "column": 0 }, "end": { "line": 35, "column": 32 } },
            "35": { "start": { "line": 36, "column": 0 }, "end": { "line": 36, "column": 40 } },
            "36": { "start": { "line": 37, "column": 0 }, "end": { "line": 37, "column": 16 } },
            "37": { "start": { "line": 38, "column": 0 }, "end": { "line": 38, "column": 83 } },
            "38": { "start": { "line": 39, "column": 0 }, "end": { "line": 39, "column": 9 } },
            "39": { "start": { "line": 40, "column": 0 }, "end": { "line": 40, "column": 5 } },
            "40": { "start": { "line": 41, "column": 0 }, "end": { "line": 41, "column": 0 } },
            "41": { "start": { "line": 42, "column": 0 }, "end": { "line": 42, "column": 28 } },
            "42": { "start": { "line": 43, "column": 0 }, "end": { "line": 43, "column": 45 } },
            "43": { "start": { "line": 44, "column": 0 }, "end": { "line": 44, "column": 45 } },
            "44": { "start": { "line": 45, "column": 0 }, "end": { "line": 45, "column": 54 } },
            "45": { "start": { "line": 46, "column": 0 }, "end": { "line": 46, "column": 48 } },
            "46": { "start": { "line": 47, "column": 0 }, "end": { "line": 47, "column": 62 } },
            "47": { "start": { "line": 48, "column": 0 }, "end": { "line": 48, "column": 56 } },
            "48": { "start": { "line": 49, "column": 0 }, "end": { "line": 49, "column": 16 } },
            "49": { "start": { "line": 50, "column": 0 }, "end": { "line": 50, "column": 85 } },
            "50": { "start": { "line": 51, "column": 0 }, "end": { "line": 51, "column": 9 } },
            "51": { "start": { "line": 52, "column": 0 }, "end": { "line": 52, "column": 5 } },
            "52": { "start": { "line": 53, "column": 0 }, "end": { "line": 53, "column": 0 } },
            "53": { "start": { "line": 54, "column": 0 }, "end": { "line": 54, "column": 30 } },
            "54": { "start": { "line": 55, "column": 0 }, "end": { "line": 55, "column": 80 } },
            "55": { "start": { "line": 56, "column": 0 }, "end": { "line": 56, "column": 48 } },
            "56": { "start": { "line": 57, "column": 0 }, "end": { "line": 57, "column": 72 } },
            "57": { "start": { "line": 58, "column": 0 }, "end": { "line": 58, "column": 5 } },
            "58": { "start": { "line": 59, "column": 0 }, "end": { "line": 59, "column": 0 } },
            "59": { "start": { "line": 60, "column": 0 }, "end": { "line": 60, "column": 33 } },
            "60": { "start": { "line": 61, "column": 0 }, "end": { "line": 61, "column": 15 } },
            "61": { "start": { "line": 62, "column": 0 }, "end": { "line": 62, "column": 25 } },
            "62": { "start": { "line": 63, "column": 0 }, "end": { "line": 63, "column": 22 } },
            "63": { "start": { "line": 64, "column": 0 }, "end": { "line": 64, "column": 29 } },
            "64": { "start": { "line": 65, "column": 0 }, "end": { "line": 65, "column": 25 } },
            "65": { "start": { "line": 66, "column": 0 }, "end": { "line": 66, "column": 29 } },
            "66": { "start": { "line": 67, "column": 0 }, "end": { "line": 67, "column": 26 } },
            "67": { "start": { "line": 68, "column": 0 }, "end": { "line": 68, "column": 23 } },
            "68": { "start": { "line": 69, "column": 0 }, "end": { "line": 69, "column": 17 } },
            "69": { "start": { "line": 70, "column": 0 }, "end": { "line": 70, "column": 20 } },
            "70": { "start": { "line": 71, "column": 0 }, "end": { "line": 71, "column": 40 } },
            "71": { "start": { "line": 72, "column": 0 }, "end": { "line": 72, "column": 22 } },
            "72": { "start": { "line": 73, "column": 0 }, "end": { "line": 73, "column": 19 } },
            "73": { "start": { "line": 74, "column": 0 }, "end": { "line": 74, "column": 26 } },
            "74": { "start": { "line": 75, "column": 0 }, "end": { "line": 75, "column": 22 } },
            "75": { "start": { "line": 76, "column": 0 }, "end": { "line": 76, "column": 26 } },
            "76": { "start": { "line": 77, "column": 0 }, "end": { "line": 77, "column": 23 } },
            "77": { "start": { "line": 78, "column": 0 }, "end": { "line": 78, "column": 20 } },
            "78": { "start": { "line": 79, "column": 0 }, "end": { "line": 79, "column": 10 } },
            "79": { "start": { "line": 80, "column": 0 }, "end": { "line": 80, "column": 5 } },
            "80": { "start": { "line": 81, "column": 0 }, "end": { "line": 81, "column": 0 } },
            "81": { "start": { "line": 82, "column": 0 }, "end": { "line": 82, "column": 44 } },
            "82": { "start": { "line": 83, "column": 0 }, "end": { "line": 83, "column": 40 } },
            "83": { "start": { "line": 84, "column": 0 }, "end": { "line": 84, "column": 82 } },
            "84": { "start": { "line": 85, "column": 0 }, "end": { "line": 85, "column": 5 } },
            "85": { "start": { "line": 86, "column": 0 }, "end": { "line": 86, "column": 1 } },
            "86": { "start": { "line": 87, "column": 0 }, "end": { "line": 87, "column": 0 } },
            "87": { "start": { "line": 88, "column": 0 }, "end": { "line": 88, "column": 29 } }
        },
        "s": {
            "0": 1,
            "1": 1,
            "2": 1,
            "3": 1,
            "4": 1,
            "5": 1,
            "6": 1,
            "7": 1,
            "8": 1,
            "9": 6,
            "10": 6,
            "11": 6,
            "12": 6,
            "13": 6,
            "14": 6,
            "15": 6,
            "16": 6,
            "17": 6,
            "18": 1,
            "19": 1,
            "20": 6,
            "21": 12,
            "22": 5,
            "23": 12,
            "24": 12,
            "25": 12,
            "26": 0,
            "27": 12,
            "28": 6,
            "29": 6,
            "30": 1,
            "31": 1,
            "32": 5,
            "33": 2,
            "34": 5,
            "35": 2,
            "36": 3,
            "37": 1,
            "38": 1,
            "39": 5,
            "40": 1,
            "41": 1,
            "42": 4,
            "43": 3,
            "44": 4,
            "45": 0,
            "46": 1,
            "47": 0,
            "48": 1,
            "49": 1,
            "50": 1,
            "51": 4,
            "52": 1,
            "53": 1,
            "54": 3,
            "55": 3,
            "56": 3,
            "57": 3,
            "58": 1,
            "59": 1,
            "60": 0,
            "61": 0,
            "62": 0,
            "63": 0,
            "64": 0,
            "65": 0,
            "66": 0,
            "67": 0,
            "68": 0,
            "69": 0,
            "70": 0,
            "71": 0,
            "72": 0,
            "73": 0,
            "74": 0,
            "75": 0,
            "76": 0,
            "77": 0,
            "78": 0,
            "79": 0,
            "80": 1,
            "81": 1,
            "82": 0,
            "83": 0,
            "84": 0,
            "85": 1,
            "86": 1,
            "87": 1
        },
        "branchMap": {
            "0": {
                "type": "branch",
                "line": 1,
                "loc": { "start": { "line": 1, "column": 0 }, "end": { "line": 88, "column": 29 } },
                "locations": [
                    { "start": { "line": 1, "column": 0 }, "end": { "line": 88, "column": 29 } }
                ]
            },
            "1": {
                "type": "branch",
                "line": 9,
                "loc": { "start": { "line": 9, "column": 4 }, "end": { "line": 18, "column": 5 } },
                "locations": [
                    { "start": { "line": 9, "column": 4 }, "end": { "line": 18, "column": 5 } }
                ]
            },
            "2": {
                "type": "branch",
                "line": 20,
                "loc": { "start": { "line": 20, "column": 4 }, "end": { "line": 30, "column": 5 } },
                "locations": [
                    { "start": { "line": 20, "column": 4 }, "end": { "line": 30, "column": 5 } }
                ]
            },
            "3": {
                "type": "branch",
                "line": 21,
                "loc": {
                    "start": { "line": 21, "column": 51 },
                    "end": { "line": 29, "column": 9 }
                },
                "locations": [
                    { "start": { "line": 21, "column": 51 }, "end": { "line": 29, "column": 9 } }
                ]
            },
            "4": {
                "type": "branch",
                "line": 22,
                "loc": {
                    "start": { "line": 22, "column": 36 },
                    "end": { "line": 24, "column": 13 }
                },
                "locations": [
                    { "start": { "line": 22, "column": 36 }, "end": { "line": 24, "column": 13 } }
                ]
            },
            "5": {
                "type": "branch",
                "line": 32,
                "loc": { "start": { "line": 32, "column": 4 }, "end": { "line": 40, "column": 5 } },
                "locations": [
                    { "start": { "line": 32, "column": 4 }, "end": { "line": 40, "column": 5 } }
                ]
            },
            "6": {
                "type": "branch",
                "line": 33,
                "loc": {
                    "start": { "line": 33, "column": 29 },
                    "end": { "line": 35, "column": 9 }
                },
                "locations": [
                    { "start": { "line": 33, "column": 29 }, "end": { "line": 35, "column": 9 } }
                ]
            },
            "7": {
                "type": "branch",
                "line": 35,
                "loc": { "start": { "line": 35, "column": 9 }, "end": { "line": 39, "column": 9 } },
                "locations": [
                    { "start": { "line": 35, "column": 9 }, "end": { "line": 39, "column": 9 } }
                ]
            },
            "8": {
                "type": "branch",
                "line": 35,
                "loc": {
                    "start": { "line": 35, "column": 31 },
                    "end": { "line": 37, "column": 9 }
                },
                "locations": [
                    { "start": { "line": 35, "column": 31 }, "end": { "line": 37, "column": 9 } }
                ]
            },
            "9": {
                "type": "branch",
                "line": 37,
                "loc": { "start": { "line": 37, "column": 9 }, "end": { "line": 39, "column": 9 } },
                "locations": [
                    { "start": { "line": 37, "column": 9 }, "end": { "line": 39, "column": 9 } }
                ]
            },
            "10": {
                "type": "branch",
                "line": 42,
                "loc": { "start": { "line": 42, "column": 4 }, "end": { "line": 52, "column": 5 } },
                "locations": [
                    { "start": { "line": 42, "column": 4 }, "end": { "line": 52, "column": 5 } }
                ]
            },
            "11": {
                "type": "branch",
                "line": 43,
                "loc": {
                    "start": { "line": 43, "column": 44 },
                    "end": { "line": 45, "column": 9 }
                },
                "locations": [
                    { "start": { "line": 43, "column": 44 }, "end": { "line": 45, "column": 9 } }
                ]
            },
            "12": {
                "type": "branch",
                "line": 45,
                "loc": { "start": { "line": 45, "column": 9 }, "end": { "line": 51, "column": 9 } },
                "locations": [
                    { "start": { "line": 45, "column": 9 }, "end": { "line": 51, "column": 9 } }
                ]
            },
            "13": {
                "type": "branch",
                "line": 45,
                "loc": {
                    "start": { "line": 45, "column": 53 },
                    "end": { "line": 47, "column": 9 }
                },
                "locations": [
                    { "start": { "line": 45, "column": 53 }, "end": { "line": 47, "column": 9 } }
                ]
            },
            "14": {
                "type": "branch",
                "line": 47,
                "loc": {
                    "start": { "line": 47, "column": 61 },
                    "end": { "line": 49, "column": 9 }
                },
                "locations": [
                    { "start": { "line": 47, "column": 61 }, "end": { "line": 49, "column": 9 } }
                ]
            },
            "15": {
                "type": "branch",
                "line": 54,
                "loc": { "start": { "line": 54, "column": 4 }, "end": { "line": 58, "column": 5 } },
                "locations": [
                    { "start": { "line": 54, "column": 4 }, "end": { "line": 58, "column": 5 } }
                ]
            }
        },
        "b": {
            "0": [1],
            "1": [6],
            "2": [6],
            "3": [12],
            "4": [5],
            "5": [5],
            "6": [2],
            "7": [3],
            "8": [2],
            "9": [1],
            "10": [4],
            "11": [3],
            "12": [1],
            "13": [0],
            "14": [0],
            "15": [3]
        },
        "fnMap": {
            "0": {
                "name": "BinanceStream",
                "decl": { "start": { "line": 9, "column": 4 }, "end": { "line": 18, "column": 5 } },
                "loc": { "start": { "line": 9, "column": 4 }, "end": { "line": 18, "column": 5 } },
                "line": 9
            },
            "1": {
                "name": "addEventListeners",
                "decl": {
                    "start": { "line": 20, "column": 4 },
                    "end": { "line": 30, "column": 5 }
                },
                "loc": { "start": { "line": 20, "column": 4 }, "end": { "line": 30, "column": 5 } },
                "line": 20
            },
            "2": {
                "name": "handleMessage",
                "decl": {
                    "start": { "line": 32, "column": 4 },
                    "end": { "line": 40, "column": 5 }
                },
                "loc": { "start": { "line": 32, "column": 4 }, "end": { "line": 40, "column": 5 } },
                "line": 32
            },
            "3": {
                "name": "handlePayload",
                "decl": {
                    "start": { "line": 42, "column": 4 },
                    "end": { "line": 52, "column": 5 }
                },
                "loc": { "start": { "line": 42, "column": 4 }, "end": { "line": 52, "column": 5 } },
                "line": 42
            },
            "4": {
                "name": "handleTickerUpdate",
                "decl": {
                    "start": { "line": 54, "column": 4 },
                    "end": { "line": 58, "column": 5 }
                },
                "loc": { "start": { "line": 54, "column": 4 }, "end": { "line": 58, "column": 5 } },
                "line": 54
            },
            "5": {
                "name": "handleExecutionReport",
                "decl": {
                    "start": { "line": 60, "column": 4 },
                    "end": { "line": 80, "column": 5 }
                },
                "loc": { "start": { "line": 60, "column": 4 }, "end": { "line": 80, "column": 5 } },
                "line": 60
            },
            "6": {
                "name": "handleOutboundAccountPosition",
                "decl": {
                    "start": { "line": 82, "column": 4 },
                    "end": { "line": 85, "column": 5 }
                },
                "loc": { "start": { "line": 82, "column": 4 }, "end": { "line": 85, "column": 5 } },
                "line": 82
            }
        },
        "f": { "0": 6, "1": 6, "2": 5, "3": 4, "4": 3, "5": 0, "6": 0 }
    },
    "/Users/mtsraposo/dev/node-something/src/integrations/binance/streams/BinanceStreamSupervisor.js": {
        "path": "/Users/mtsraposo/dev/node-something/src/integrations/binance/streams/BinanceStreamSupervisor.js",
        "all": false,
        "statementMap": {
            "0": { "start": { "line": 1, "column": 0 }, "end": { "line": 1, "column": 75 } },
            "1": { "start": { "line": 2, "column": 0 }, "end": { "line": 2, "column": 0 } },
            "2": { "start": { "line": 3, "column": 0 }, "end": { "line": 3, "column": 62 } },
            "3": { "start": { "line": 4, "column": 0 }, "end": { "line": 4, "column": 98 } },
            "4": { "start": { "line": 5, "column": 0 }, "end": { "line": 5, "column": 112 } },
            "5": { "start": { "line": 6, "column": 0 }, "end": { "line": 6, "column": 92 } },
            "6": { "start": { "line": 7, "column": 0 }, "end": { "line": 7, "column": 41 } },
            "7": { "start": { "line": 8, "column": 0 }, "end": { "line": 8, "column": 0 } },
            "8": { "start": { "line": 9, "column": 0 }, "end": { "line": 9, "column": 59 } },
            "9": { "start": { "line": 10, "column": 0 }, "end": { "line": 10, "column": 67 } },
            "10": { "start": { "line": 11, "column": 0 }, "end": { "line": 11, "column": 30 } },
            "11": { "start": { "line": 12, "column": 0 }, "end": { "line": 12, "column": 25 } },
            "12": { "start": { "line": 13, "column": 0 }, "end": { "line": 13, "column": 39 } },
            "13": { "start": { "line": 14, "column": 0 }, "end": { "line": 14, "column": 35 } },
            "14": { "start": { "line": 15, "column": 0 }, "end": { "line": 15, "column": 0 } },
            "15": { "start": { "line": 16, "column": 0 }, "end": { "line": 16, "column": 37 } },
            "16": { "start": { "line": 17, "column": 0 }, "end": { "line": 17, "column": 27 } },
            "17": { "start": { "line": 18, "column": 0 }, "end": { "line": 18, "column": 35 } },
            "18": { "start": { "line": 19, "column": 0 }, "end": { "line": 19, "column": 33 } },
            "19": { "start": { "line": 20, "column": 0 }, "end": { "line": 20, "column": 5 } },
            "20": { "start": { "line": 21, "column": 0 }, "end": { "line": 21, "column": 0 } },
            "21": { "start": { "line": 22, "column": 0 }, "end": { "line": 22, "column": 25 } },
            "22": { "start": { "line": 23, "column": 0 }, "end": { "line": 23, "column": 9 } },
            "23": { "start": { "line": 24, "column": 0 }, "end": { "line": 24, "column": 78 } },
            "24": { "start": { "line": 25, "column": 0 }, "end": { "line": 25, "column": 13 } },
            "25": { "start": { "line": 26, "column": 0 }, "end": { "line": 26, "column": 25 } },
            "26": { "start": { "line": 27, "column": 0 }, "end": { "line": 27, "column": 43 } },
            "27": { "start": { "line": 28, "column": 0 }, "end": { "line": 28, "column": 88 } },
            "28": { "start": { "line": 29, "column": 0 }, "end": { "line": 29, "column": 14 } },
            "29": { "start": { "line": 30, "column": 0 }, "end": { "line": 30, "column": 13 } },
            "30": { "start": { "line": 31, "column": 0 }, "end": { "line": 31, "column": 33 } },
            "31": { "start": { "line": 32, "column": 0 }, "end": { "line": 32, "column": 43 } },
            "32": { "start": { "line": 33, "column": 0 }, "end": { "line": 33, "column": 76 } },
            "33": { "start": { "line": 34, "column": 0 }, "end": { "line": 34, "column": 14 } },
            "34": { "start": { "line": 35, "column": 0 }, "end": { "line": 35, "column": 63 } },
            "35": { "start": { "line": 36, "column": 0 }, "end": { "line": 36, "column": 56 } },
            "36": { "start": { "line": 37, "column": 0 }, "end": { "line": 37, "column": 25 } },
            "37": { "start": { "line": 38, "column": 0 }, "end": { "line": 38, "column": 52 } },
            "38": { "start": { "line": 39, "column": 0 }, "end": { "line": 39, "column": 32 } },
            "39": { "start": { "line": 40, "column": 0 }, "end": { "line": 40, "column": 42 } },
            "40": { "start": { "line": 41, "column": 0 }, "end": { "line": 41, "column": 15 } },
            "41": { "start": { "line": 42, "column": 0 }, "end": { "line": 42, "column": 11 } },
            "42": { "start": { "line": 43, "column": 0 }, "end": { "line": 43, "column": 5 } },
            "43": { "start": { "line": 44, "column": 0 }, "end": { "line": 44, "column": 0 } },
            "44": { "start": { "line": 45, "column": 0 }, "end": { "line": 45, "column": 21 } },
            "45": { "start": { "line": 46, "column": 0 }, "end": { "line": 46, "column": 46 } },
            "46": { "start": { "line": 47, "column": 0 }, "end": { "line": 47, "column": 59 } },
            "47": { "start": { "line": 48, "column": 0 }, "end": { "line": 48, "column": 36 } },
            "48": { "start": { "line": 49, "column": 0 }, "end": { "line": 49, "column": 5 } },
            "49": { "start": { "line": 50, "column": 0 }, "end": { "line": 50, "column": 0 } },
            "50": { "start": { "line": 51, "column": 0 }, "end": { "line": 51, "column": 29 } },
            "51": { "start": { "line": 52, "column": 0 }, "end": { "line": 52, "column": 22 } },
            "52": { "start": { "line": 53, "column": 0 }, "end": { "line": 53, "column": 33 } },
            "53": { "start": { "line": 54, "column": 0 }, "end": { "line": 54, "column": 44 } },
            "54": { "start": { "line": 55, "column": 0 }, "end": { "line": 55, "column": 22 } },
            "55": { "start": { "line": 56, "column": 0 }, "end": { "line": 56, "column": 41 } },
            "56": { "start": { "line": 57, "column": 0 }, "end": { "line": 57, "column": 68 } },
            "57": { "start": { "line": 58, "column": 0 }, "end": { "line": 58, "column": 22 } },
            "58": { "start": { "line": 59, "column": 0 }, "end": { "line": 59, "column": 43 } },
            "59": { "start": { "line": 60, "column": 0 }, "end": { "line": 60, "column": 54 } },
            "60": { "start": { "line": 61, "column": 0 }, "end": { "line": 61, "column": 22 } },
            "61": { "start": { "line": 62, "column": 0 }, "end": { "line": 62, "column": 20 } },
            "62": { "start": { "line": 63, "column": 0 }, "end": { "line": 63, "column": 84 } },
            "63": { "start": { "line": 64, "column": 0 }, "end": { "line": 64, "column": 22 } },
            "64": { "start": { "line": 65, "column": 0 }, "end": { "line": 65, "column": 9 } },
            "65": { "start": { "line": 66, "column": 0 }, "end": { "line": 66, "column": 5 } },
            "66": { "start": { "line": 67, "column": 0 }, "end": { "line": 67, "column": 0 } },
            "67": { "start": { "line": 68, "column": 0 }, "end": { "line": 68, "column": 19 } },
            "68": { "start": { "line": 69, "column": 0 }, "end": { "line": 69, "column": 34 } },
            "69": { "start": { "line": 70, "column": 0 }, "end": { "line": 70, "column": 42 } },
            "70": { "start": { "line": 71, "column": 0 }, "end": { "line": 71, "column": 44 } },
            "71": { "start": { "line": 72, "column": 0 }, "end": { "line": 72, "column": 5 } },
            "72": { "start": { "line": 73, "column": 0 }, "end": { "line": 73, "column": 0 } },
            "73": { "start": { "line": 74, "column": 0 }, "end": { "line": 74, "column": 27 } },
            "74": { "start": { "line": 75, "column": 0 }, "end": { "line": 75, "column": 53 } },
            "75": { "start": { "line": 76, "column": 0 }, "end": { "line": 76, "column": 35 } },
            "76": { "start": { "line": 77, "column": 0 }, "end": { "line": 77, "column": 41 } },
            "77": { "start": { "line": 78, "column": 0 }, "end": { "line": 78, "column": 18 } },
            "78": { "start": { "line": 79, "column": 0 }, "end": { "line": 79, "column": 10 } },
            "79": { "start": { "line": 80, "column": 0 }, "end": { "line": 80, "column": 16 } },
            "80": { "start": { "line": 81, "column": 0 }, "end": { "line": 81, "column": 22 } },
            "81": { "start": { "line": 82, "column": 0 }, "end": { "line": 82, "column": 60 } },
            "82": { "start": { "line": 83, "column": 0 }, "end": { "line": 83, "column": 10 } },
            "83": { "start": { "line": 84, "column": 0 }, "end": { "line": 84, "column": 5 } },
            "84": { "start": { "line": 85, "column": 0 }, "end": { "line": 85, "column": 0 } },
            "85": { "start": { "line": 86, "column": 0 }, "end": { "line": 86, "column": 29 } },
            "86": { "start": { "line": 87, "column": 0 }, "end": { "line": 87, "column": 41 } },
            "87": { "start": { "line": 88, "column": 0 }, "end": { "line": 88, "column": 73 } },
            "88": { "start": { "line": 89, "column": 0 }, "end": { "line": 89, "column": 35 } },
            "89": { "start": { "line": 90, "column": 0 }, "end": { "line": 90, "column": 15 } },
            "90": { "start": { "line": 91, "column": 0 }, "end": { "line": 91, "column": 10 } },
            "91": { "start": { "line": 92, "column": 0 }, "end": { "line": 92, "column": 34 } },
            "92": { "start": { "line": 93, "column": 0 }, "end": { "line": 93, "column": 61 } },
            "93": { "start": { "line": 94, "column": 0 }, "end": { "line": 94, "column": 14 } },
            "94": { "start": { "line": 95, "column": 0 }, "end": { "line": 95, "column": 25 } },
            "95": { "start": { "line": 96, "column": 0 }, "end": { "line": 96, "column": 35 } },
            "96": { "start": { "line": 97, "column": 0 }, "end": { "line": 97, "column": 14 } },
            "97": { "start": { "line": 98, "column": 0 }, "end": { "line": 98, "column": 31 } },
            "98": { "start": { "line": 99, "column": 0 }, "end": { "line": 99, "column": 85 } },
            "99": { "start": { "line": 100, "column": 0 }, "end": { "line": 100, "column": 29 } },
            "100": { "start": { "line": 101, "column": 0 }, "end": { "line": 101, "column": 15 } },
            "101": { "start": { "line": 102, "column": 0 }, "end": { "line": 102, "column": 5 } },
            "102": { "start": { "line": 103, "column": 0 }, "end": { "line": 103, "column": 0 } },
            "103": { "start": { "line": 104, "column": 0 }, "end": { "line": 104, "column": 38 } },
            "104": { "start": { "line": 105, "column": 0 }, "end": { "line": 105, "column": 24 } },
            "105": { "start": { "line": 106, "column": 0 }, "end": { "line": 106, "column": 39 } },
            "106": { "start": { "line": 107, "column": 0 }, "end": { "line": 107, "column": 98 } },
            "107": { "start": { "line": 108, "column": 0 }, "end": { "line": 108, "column": 49 } },
            "108": { "start": { "line": 109, "column": 0 }, "end": { "line": 109, "column": 9 } },
            "109": { "start": { "line": 110, "column": 0 }, "end": { "line": 110, "column": 63 } },
            "110": { "start": { "line": 111, "column": 0 }, "end": { "line": 111, "column": 5 } },
            "111": { "start": { "line": 112, "column": 0 }, "end": { "line": 112, "column": 1 } },
            "112": { "start": { "line": 113, "column": 0 }, "end": { "line": 113, "column": 0 } },
            "113": { "start": { "line": 114, "column": 0 }, "end": { "line": 114, "column": 39 } }
        },
        "s": {
            "0": 2,
            "1": 2,
            "2": 2,
            "3": 2,
            "4": 2,
            "5": 2,
            "6": 2,
            "7": 2,
            "8": 2,
            "9": 2,
            "10": 9,
            "11": 9,
            "12": 9,
            "13": 9,
            "14": 9,
            "15": 9,
            "16": 9,
            "17": 9,
            "18": 9,
            "19": 9,
            "20": 2,
            "21": 2,
            "22": 9,
            "23": 9,
            "24": 9,
            "25": 9,
            "26": 9,
            "27": 9,
            "28": 9,
            "29": 9,
            "30": 9,
            "31": 9,
            "32": 9,
            "33": 9,
            "34": 9,
            "35": 27,
            "36": 27,
            "37": 27,
            "38": 27,
            "39": 27,
            "40": 27,
            "41": 9,
            "42": 9,
            "43": 2,
            "44": 2,
            "45": 0,
            "46": 0,
            "47": 0,
            "48": 0,
            "49": 2,
            "50": 2,
            "51": 0,
            "52": 0,
            "53": 0,
            "54": 0,
            "55": 0,
            "56": 0,
            "57": 0,
            "58": 0,
            "59": 0,
            "60": 0,
            "61": 0,
            "62": 0,
            "63": 0,
            "64": 0,
            "65": 0,
            "66": 2,
            "67": 2,
            "68": 9,
            "69": 9,
            "70": 9,
            "71": 9,
            "72": 2,
            "73": 2,
            "74": 1,
            "75": 1,
            "76": 1,
            "77": 1,
            "78": 1,
            "79": 1,
            "80": 1,
            "81": 1,
            "82": 1,
            "83": 1,
            "84": 2,
            "85": 2,
            "86": 1,
            "87": 1,
            "88": 1,
            "89": 1,
            "90": 1,
            "91": 1,
            "92": 1,
            "93": 1,
            "94": 1,
            "95": 1,
            "96": 1,
            "97": 1,
            "98": 0,
            "99": 0,
            "100": 1,
            "101": 1,
            "102": 2,
            "103": 2,
            "104": 1,
            "105": 1,
            "106": 1,
            "107": 1,
            "108": 1,
            "109": 0,
            "110": 1,
            "111": 2,
            "112": 2,
            "113": 2
        },
        "branchMap": {
            "0": {
                "type": "branch",
                "line": 1,
                "loc": {
                    "start": { "line": 1, "column": 0 },
                    "end": { "line": 114, "column": 39 }
                },
                "locations": [
                    { "start": { "line": 1, "column": 0 }, "end": { "line": 114, "column": 39 } }
                ]
            },
            "1": {
                "type": "branch",
                "line": 10,
                "loc": { "start": { "line": 10, "column": 4 }, "end": { "line": 20, "column": 5 } },
                "locations": [
                    { "start": { "line": 10, "column": 4 }, "end": { "line": 20, "column": 5 } }
                ]
            },
            "2": {
                "type": "branch",
                "line": 22,
                "loc": { "start": { "line": 22, "column": 4 }, "end": { "line": 43, "column": 5 } },
                "locations": [
                    { "start": { "line": 22, "column": 4 }, "end": { "line": 43, "column": 5 } }
                ]
            },
            "3": {
                "type": "branch",
                "line": 35,
                "loc": {
                    "start": { "line": 35, "column": 18 },
                    "end": { "line": 42, "column": 9 }
                },
                "locations": [
                    { "start": { "line": 35, "column": 18 }, "end": { "line": 42, "column": 9 } }
                ]
            },
            "4": {
                "type": "branch",
                "line": 68,
                "loc": { "start": { "line": 68, "column": 4 }, "end": { "line": 72, "column": 5 } },
                "locations": [
                    { "start": { "line": 68, "column": 4 }, "end": { "line": 72, "column": 5 } }
                ]
            },
            "5": {
                "type": "branch",
                "line": 74,
                "loc": { "start": { "line": 74, "column": 4 }, "end": { "line": 84, "column": 5 } },
                "locations": [
                    { "start": { "line": 74, "column": 4 }, "end": { "line": 84, "column": 5 } }
                ]
            },
            "6": {
                "type": "branch",
                "line": 86,
                "loc": {
                    "start": { "line": 86, "column": 4 },
                    "end": { "line": 102, "column": 5 }
                },
                "locations": [
                    { "start": { "line": 86, "column": 4 }, "end": { "line": 102, "column": 5 } }
                ]
            },
            "7": {
                "type": "branch",
                "line": 87,
                "loc": {
                    "start": { "line": 87, "column": 27 },
                    "end": { "line": 91, "column": 9 }
                },
                "locations": [
                    { "start": { "line": 87, "column": 27 }, "end": { "line": 91, "column": 9 } }
                ]
            },
            "8": {
                "type": "branch",
                "line": 88,
                "loc": {
                    "start": { "line": 88, "column": 57 },
                    "end": { "line": 90, "column": 13 }
                },
                "locations": [
                    { "start": { "line": 88, "column": 57 }, "end": { "line": 90, "column": 13 } }
                ]
            },
            "9": {
                "type": "branch",
                "line": 92,
                "loc": {
                    "start": { "line": 92, "column": 18 },
                    "end": { "line": 94, "column": 13 }
                },
                "locations": [
                    { "start": { "line": 92, "column": 18 }, "end": { "line": 94, "column": 13 } }
                ]
            },
            "10": {
                "type": "branch",
                "line": 95,
                "loc": {
                    "start": { "line": 95, "column": 18 },
                    "end": { "line": 97, "column": 13 }
                },
                "locations": [
                    { "start": { "line": 95, "column": 18 }, "end": { "line": 97, "column": 13 } }
                ]
            },
            "11": {
                "type": "branch",
                "line": 104,
                "loc": {
                    "start": { "line": 104, "column": 4 },
                    "end": { "line": 111, "column": 5 }
                },
                "locations": [
                    { "start": { "line": 104, "column": 4 }, "end": { "line": 111, "column": 5 } }
                ]
            },
            "12": {
                "type": "branch",
                "line": 110,
                "loc": {
                    "start": { "line": 110, "column": -1 },
                    "end": { "line": 111, "column": 4 }
                },
                "locations": [
                    { "start": { "line": 110, "column": -1 }, "end": { "line": 111, "column": 4 } }
                ]
            }
        },
        "b": {
            "0": [2],
            "1": [9],
            "2": [9],
            "3": [27],
            "4": [9],
            "5": [1],
            "6": [1],
            "7": [1],
            "8": [1],
            "9": [1],
            "10": [1],
            "11": [1],
            "12": [0]
        },
        "fnMap": {
            "0": {
                "name": "BinanceStreamSupervisor",
                "decl": {
                    "start": { "line": 10, "column": 4 },
                    "end": { "line": 20, "column": 5 }
                },
                "loc": { "start": { "line": 10, "column": 4 }, "end": { "line": 20, "column": 5 } },
                "line": 10
            },
            "1": {
                "name": "initializeStreams",
                "decl": {
                    "start": { "line": 22, "column": 4 },
                    "end": { "line": 43, "column": 5 }
                },
                "loc": { "start": { "line": 22, "column": 4 }, "end": { "line": 43, "column": 5 } },
                "line": 22
            },
            "2": {
                "name": "connect",
                "decl": {
                    "start": { "line": 45, "column": 4 },
                    "end": { "line": 49, "column": 5 }
                },
                "loc": { "start": { "line": 45, "column": 4 }, "end": { "line": 49, "column": 5 } },
                "line": 45
            },
            "3": {
                "name": "connectByUid",
                "decl": {
                    "start": { "line": 51, "column": 4 },
                    "end": { "line": 66, "column": 5 }
                },
                "loc": { "start": { "line": 51, "column": 4 }, "end": { "line": 66, "column": 5 } },
                "line": 51
            },
            "4": {
                "name": "close",
                "decl": {
                    "start": { "line": 68, "column": 4 },
                    "end": { "line": 72, "column": 5 }
                },
                "loc": { "start": { "line": 68, "column": 4 }, "end": { "line": 72, "column": 5 } },
                "line": 68
            },
            "5": {
                "name": "startUserDataStream",
                "decl": {
                    "start": { "line": 74, "column": 4 },
                    "end": { "line": 84, "column": 5 }
                },
                "loc": { "start": { "line": 74, "column": 4 }, "end": { "line": 84, "column": 5 } },
                "line": 74
            },
            "6": {
                "name": "userDataStreamPromise",
                "decl": {
                    "start": { "line": 86, "column": 4 },
                    "end": { "line": 102, "column": 5 }
                },
                "loc": {
                    "start": { "line": 86, "column": 4 },
                    "end": { "line": 102, "column": 5 }
                },
                "line": 86
            },
            "7": {
                "name": "connectUserDataStream",
                "decl": {
                    "start": { "line": 104, "column": 4 },
                    "end": { "line": 111, "column": 5 }
                },
                "loc": {
                    "start": { "line": 104, "column": 4 },
                    "end": { "line": 111, "column": 5 }
                },
                "line": 104
            }
        },
        "f": { "0": 9, "1": 9, "2": 0, "3": 0, "4": 9, "5": 1, "6": 1, "7": 1 }
    },
    "/Users/mtsraposo/dev/node-something/src/integrations/binance/streams/constants.js": {
        "path": "/Users/mtsraposo/dev/node-something/src/integrations/binance/streams/constants.js",
        "all": false,
        "statementMap": {
            "0": { "start": { "line": 1, "column": 0 }, "end": { "line": 1, "column": 39 } },
            "1": { "start": { "line": 2, "column": 0 }, "end": { "line": 2, "column": 0 } },
            "2": { "start": { "line": 3, "column": 0 }, "end": { "line": 3, "column": 47 } },
            "3": { "start": { "line": 4, "column": 0 }, "end": { "line": 4, "column": 53 } },
            "4": { "start": { "line": 5, "column": 0 }, "end": { "line": 5, "column": 52 } },
            "5": { "start": { "line": 6, "column": 0 }, "end": { "line": 6, "column": 3 } },
            "6": { "start": { "line": 7, "column": 0 }, "end": { "line": 7, "column": 0 } },
            "7": { "start": { "line": 8, "column": 0 }, "end": { "line": 8, "column": 74 } },
            "8": { "start": { "line": 9, "column": 0 }, "end": { "line": 9, "column": 78 } },
            "9": { "start": { "line": 10, "column": 0 }, "end": { "line": 10, "column": 30 } },
            "10": { "start": { "line": 11, "column": 0 }, "end": { "line": 11, "column": 2 } }
        },
        "s": {
            "0": 2,
            "1": 2,
            "2": 2,
            "3": 2,
            "4": 2,
            "5": 2,
            "6": 2,
            "7": 2,
            "8": 2,
            "9": 2,
            "10": 2
        },
        "branchMap": {
            "0": {
                "type": "branch",
                "line": 1,
                "loc": { "start": { "line": 1, "column": 0 }, "end": { "line": 11, "column": 2 } },
                "locations": [
                    { "start": { "line": 1, "column": 0 }, "end": { "line": 11, "column": 2 } }
                ]
            },
            "1": {
                "type": "branch",
                "line": 10,
                "loc": {
                    "start": { "line": 10, "column": 20 },
                    "end": { "line": 10, "column": 29 }
                },
                "locations": [
                    { "start": { "line": 10, "column": 20 }, "end": { "line": 10, "column": 29 } }
                ]
            }
        },
        "b": { "0": [2], "1": [0] },
        "fnMap": {},
        "f": {}
    },
    "/Users/mtsraposo/dev/node-something/src/integrations/binance/websocket/BinanceWebSocket.js": {
        "path": "/Users/mtsraposo/dev/node-something/src/integrations/binance/websocket/BinanceWebSocket.js",
        "all": false,
        "statementMap": {
            "0": { "start": { "line": 1, "column": 0 }, "end": { "line": 1, "column": 27 } },
            "1": { "start": { "line": 2, "column": 0 }, "end": { "line": 2, "column": 73 } },
            "2": { "start": { "line": 3, "column": 0 }, "end": { "line": 3, "column": 41 } },
            "3": { "start": { "line": 4, "column": 0 }, "end": { "line": 4, "column": 39 } },
            "4": { "start": { "line": 5, "column": 0 }, "end": { "line": 5, "column": 98 } },
            "5": { "start": { "line": 6, "column": 0 }, "end": { "line": 6, "column": 29 } },
            "6": { "start": { "line": 7, "column": 0 }, "end": { "line": 7, "column": 0 } },
[...]
            "6": { "start": { "line": 7, "column": 0 }, "end": { "line": 7, "column": 41 } },
            "7": { "start": { "line": 8, "column": 0 }, "end": { "line": 8, "column": 78 } },
            "8": { "start": { "line": 9, "column": 0 }, "end": { "line": 9, "column": 5 } },
            "9": { "start": { "line": 10, "column": 0 }, "end": { "line": 10, "column": 36 } },
            "10": { "start": { "line": 11, "column": 0 }, "end": { "line": 11, "column": 54 } },
            "11": { "start": { "line": 12, "column": 0 }, "end": { "line": 12, "column": 7 } },
            "12": { "start": { "line": 13, "column": 0 }, "end": { "line": 13, "column": 2 } },
            "13": { "start": { "line": 14, "column": 0 }, "end": { "line": 14, "column": 0 } },
            "14": { "start": { "line": 15, "column": 0 }, "end": { "line": 15, "column": 54 } },
            "15": { "start": { "line": 16, "column": 0 }, "end": { "line": 16, "column": 40 } },
            "16": { "start": { "line": 17, "column": 0 }, "end": { "line": 17, "column": 76 } },
            "17": { "start": { "line": 18, "column": 0 }, "end": { "line": 18, "column": 5 } },
            "18": { "start": { "line": 19, "column": 0 }, "end": { "line": 19, "column": 35 } },
            "19": { "start": { "line": 20, "column": 0 }, "end": { "line": 20, "column": 53 } },
            "20": { "start": { "line": 21, "column": 0 }, "end": { "line": 21, "column": 7 } },
            "21": { "start": { "line": 22, "column": 0 }, "end": { "line": 22, "column": 2 } },
            "22": { "start": { "line": 23, "column": 0 }, "end": { "line": 23, "column": 0 } },
            "23": { "start": { "line": 24, "column": 0 }, "end": { "line": 24, "column": 51 } },
            "24": { "start": { "line": 25, "column": 0 }, "end": { "line": 25, "column": 47 } },
            "25": { "start": { "line": 26, "column": 0 }, "end": { "line": 26, "column": 42 } },
            "26": { "start": { "line": 27, "column": 0 }, "end": { "line": 27, "column": 2 } },
            "27": { "start": { "line": 28, "column": 0 }, "end": { "line": 28, "column": 0 } },
            "28": { "start": { "line": 29, "column": 0 }, "end": { "line": 29, "column": 51 } },
            "29": { "start": { "line": 30, "column": 0 }, "end": { "line": 30, "column": 61 } },
            "30": { "start": { "line": 31, "column": 0 }, "end": { "line": 31, "column": 2 } },
            "31": { "start": { "line": 32, "column": 0 }, "end": { "line": 32, "column": 0 } },
            "32": { "start": { "line": 33, "column": 0 }, "end": { "line": 33, "column": 41 } },
            "33": { "start": { "line": 34, "column": 0 }, "end": { "line": 34, "column": 31 } },
            "34": { "start": { "line": 35, "column": 0 }, "end": { "line": 35, "column": 15 } },
            "35": { "start": { "line": 36, "column": 0 }, "end": { "line": 36, "column": 31 } },
            "36": { "start": { "line": 37, "column": 0 }, "end": { "line": 37, "column": 36 } },
            "37": { "start": { "line": 38, "column": 0 }, "end": { "line": 38, "column": 23 } },
            "38": { "start": { "line": 39, "column": 0 }, "end": { "line": 39, "column": 15 } },
            "39": { "start": { "line": 40, "column": 0 }, "end": { "line": 40, "column": 2 } },
            "40": { "start": { "line": 41, "column": 0 }, "end": { "line": 41, "column": 0 } },
            "41": { "start": { "line": 42, "column": 0 }, "end": { "line": 42, "column": 62 } },
            "42": { "start": { "line": 43, "column": 0 }, "end": { "line": 43, "column": 59 } },
            "43": { "start": { "line": 44, "column": 0 }, "end": { "line": 44, "column": 2 } },
            "44": { "start": { "line": 45, "column": 0 }, "end": { "line": 45, "column": 0 } },
            "45": { "start": { "line": 46, "column": 0 }, "end": { "line": 46, "column": 64 } },
            "46": { "start": { "line": 47, "column": 0 }, "end": { "line": 47, "column": 62 } },
            "47": { "start": { "line": 48, "column": 0 }, "end": { "line": 48, "column": 2 } },
            "48": { "start": { "line": 49, "column": 0 }, "end": { "line": 49, "column": 0 } },
            "49": { "start": { "line": 50, "column": 0 }, "end": { "line": 50, "column": 58 } },
            "50": { "start": { "line": 51, "column": 0 }, "end": { "line": 51, "column": 62 } },
            "51": { "start": { "line": 52, "column": 0 }, "end": { "line": 52, "column": 95 } },
            "52": { "start": { "line": 53, "column": 0 }, "end": { "line": 53, "column": 2 } }
        },
        "s": {
            "0": 7,
            "1": 7,
            "2": 7,
            "3": 7,
            "4": 7,
            "5": 7,
            "6": 8,
            "7": 1,
            "8": 1,
            "9": 7,
            "10": 7,
            "11": 7,
            "12": 7,
            "13": 7,
            "14": 7,
            "15": 3,
            "16": 1,
            "17": 1,
            "18": 2,
            "19": 2,
            "20": 2,
            "21": 7,
            "22": 7,
            "23": 7,
            "24": 4,
            "25": 4,
            "26": 7,
            "27": 7,
            "28": 7,
            "29": 4,
            "30": 7,
            "31": 7,
            "32": 7,
            "33": 4,
            "34": 4,
            "35": 4,
            "36": 26,
            "37": 26,
            "38": 4,
            "39": 7,
            "40": 7,
            "41": 7,
            "42": 4,
            "43": 7,
            "44": 7,
            "45": 7,
            "46": 1,
            "47": 7,
            "48": 7,
            "49": 7,
            "50": 0,
            "51": 0,
            "52": 7
        },
        "branchMap": {
            "0": {
                "type": "branch",
                "line": 1,
                "loc": { "start": { "line": 1, "column": 0 }, "end": { "line": 53, "column": 2 } },
                "locations": [
                    { "start": { "line": 1, "column": 0 }, "end": { "line": 53, "column": 2 } }
                ]
            },
            "1": {
                "type": "branch",
                "line": 6,
                "loc": { "start": { "line": 6, "column": 35 }, "end": { "line": 13, "column": 1 } },
                "locations": [
                    { "start": { "line": 6, "column": 35 }, "end": { "line": 13, "column": 1 } }
                ]
            },
            "2": {
                "type": "branch",
                "line": 7,
                "loc": { "start": { "line": 7, "column": 40 }, "end": { "line": 9, "column": 5 } },
                "locations": [
                    { "start": { "line": 7, "column": 40 }, "end": { "line": 9, "column": 5 } }
                ]
            },
            "3": {
                "type": "branch",
                "line": 10,
                "loc": {
                    "start": { "line": 10, "column": -1 },
                    "end": { "line": 13, "column": 0 }
                },
                "locations": [
                    { "start": { "line": 10, "column": -1 }, "end": { "line": 13, "column": 0 } }
                ]
            },
            "4": {
                "type": "branch",
                "line": 15,
                "loc": {
                    "start": { "line": 15, "column": 34 },
                    "end": { "line": 22, "column": 1 }
                },
                "locations": [
                    { "start": { "line": 15, "column": 34 }, "end": { "line": 22, "column": 1 } }
                ]
            },
            "5": {
                "type": "branch",
                "line": 16,
                "loc": {
                    "start": { "line": 16, "column": 39 },
                    "end": { "line": 18, "column": 5 }
                },
                "locations": [
                    { "start": { "line": 16, "column": 39 }, "end": { "line": 18, "column": 5 } }
                ]
            },
            "6": {
                "type": "branch",
                "line": 19,
                "loc": {
                    "start": { "line": 19, "column": -1 },
                    "end": { "line": 22, "column": 0 }
                },
                "locations": [
                    { "start": { "line": 19, "column": -1 }, "end": { "line": 22, "column": 0 } }
                ]
            },
            "7": {
                "type": "branch",
                "line": 24,
                "loc": {
                    "start": { "line": 24, "column": 37 },
                    "end": { "line": 27, "column": 1 }
                },
                "locations": [
                    { "start": { "line": 24, "column": 37 }, "end": { "line": 27, "column": 1 } }
                ]
            },
            "8": {
                "type": "branch",
                "line": 29,
                "loc": {
                    "start": { "line": 29, "column": 31 },
                    "end": { "line": 31, "column": 1 }
                },
                "locations": [
                    { "start": { "line": 29, "column": 31 }, "end": { "line": 31, "column": 1 } }
                ]
            },
            "9": {
                "type": "branch",
                "line": 33,
                "loc": {
                    "start": { "line": 33, "column": 27 },
                    "end": { "line": 40, "column": 1 }
                },
                "locations": [
                    { "start": { "line": 33, "column": 27 }, "end": { "line": 40, "column": 1 } }
                ]
            },
            "10": {
                "type": "branch",
                "line": 36,
                "loc": {
                    "start": { "line": 36, "column": 16 },
                    "end": { "line": 39, "column": 9 }
                },
                "locations": [
                    { "start": { "line": 36, "column": 16 }, "end": { "line": 39, "column": 9 } }
                ]
            },
            "11": {
                "type": "branch",
                "line": 42,
                "loc": {
                    "start": { "line": 42, "column": 27 },
                    "end": { "line": 44, "column": 1 }
                },
                "locations": [
                    { "start": { "line": 42, "column": 27 }, "end": { "line": 44, "column": 1 } }
                ]
            },
            "12": {
                "type": "branch",
                "line": 46,
                "loc": {
                    "start": { "line": 46, "column": 28 },
                    "end": { "line": 48, "column": 1 }
                },
                "locations": [
                    { "start": { "line": 46, "column": 28 }, "end": { "line": 48, "column": 1 } }
                ]
            }
        },
        "b": {
            "0": [7],
            "1": [8],
            "2": [1],
            "3": [7],
            "4": [3],
            "5": [1],
            "6": [2],
            "7": [4],
            "8": [4],
            "9": [4],
            "10": [26],
            "11": [4],
            "12": [1]
        },
        "fnMap": {
            "0": {
                "name": "serializePrivateKey",
                "decl": {
                    "start": { "line": 6, "column": 35 },
                    "end": { "line": 13, "column": 1 }
                },
                "loc": { "start": { "line": 6, "column": 35 }, "end": { "line": 13, "column": 1 } },
                "line": 6
            },
            "1": {
                "name": "serializePublicKey",
                "decl": {
                    "start": { "line": 15, "column": 34 },
                    "end": { "line": 22, "column": 1 }
                },
                "loc": {
                    "start": { "line": 15, "column": 34 },
                    "end": { "line": 22, "column": 1 }
                },
                "line": 15
            },
            "2": {
                "name": "buildSignaturePayload",
                "decl": {
                    "start": { "line": 24, "column": 37 },
                    "end": { "line": 27, "column": 1 }
                },
                "loc": {
                    "start": { "line": 24, "column": 37 },
                    "end": { "line": 27, "column": 1 }
                },
                "line": 24
            },
            "3": {
                "name": "signatureBuffer",
                "decl": {
                    "start": { "line": 29, "column": 31 },
                    "end": { "line": 31, "column": 1 }
                },
                "loc": {
                    "start": { "line": 29, "column": 31 },
                    "end": { "line": 31, "column": 1 }
                },
                "line": 29
            },
            "4": {
                "name": "sortPayload",
                "decl": {
                    "start": { "line": 33, "column": 27 },
                    "end": { "line": 40, "column": 1 }
                },
                "loc": {
                    "start": { "line": 33, "column": 27 },
                    "end": { "line": 40, "column": 1 }
                },
                "line": 33
            },
            "5": {
                "name": "signEd25519",
                "decl": {
                    "start": { "line": 42, "column": 27 },
                    "end": { "line": 44, "column": 1 }
                },
                "loc": {
                    "start": { "line": 42, "column": 27 },
                    "end": { "line": 44, "column": 1 }
                },
                "line": 42
            },
            "6": {
                "name": "checkEd25519",
                "decl": {
                    "start": { "line": 46, "column": 28 },
                    "end": { "line": 48, "column": 1 }
                },
                "loc": {
                    "start": { "line": 46, "column": 28 },
                    "end": { "line": 48, "column": 1 }
                },
                "line": 46
            },
            "7": {
                "name": "signHmac",
                "decl": {
                    "start": { "line": 50, "column": 24 },
                    "end": { "line": 53, "column": 1 }
                },
                "loc": {
                    "start": { "line": 50, "column": 24 },
                    "end": { "line": 53, "column": 1 }
                },
                "line": 50
            }
        },
        "f": { "0": 8, "1": 3, "2": 4, "3": 4, "4": 4, "5": 4, "6": 1, "7": 0 }
    },
    "/Users/mtsraposo/dev/node-something/src/models/requests/constants.js": {
        "path": "/Users/mtsraposo/dev/node-something/src/models/requests/constants.js",
        "all": false,
        "statementMap": {
            "0": { "start": { "line": 1, "column": 0 }, "end": { "line": 1, "column": 44 } },
            "1": { "start": { "line": 2, "column": 0 }, "end": { "line": 2, "column": 57 } },
            "2": { "start": { "line": 3, "column": 0 }, "end": { "line": 3, "column": 34 } },
            "3": { "start": { "line": 4, "column": 0 }, "end": { "line": 4, "column": 40 } },
            "4": { "start": { "line": 5, "column": 0 }, "end": { "line": 5, "column": 3 } },
            "5": { "start": { "line": 6, "column": 0 }, "end": { "line": 6, "column": 52 } },
            "6": { "start": { "line": 7, "column": 0 }, "end": { "line": 7, "column": 5 } },
            "7": { "start": { "line": 8, "column": 0 }, "end": { "line": 8, "column": 22 } },
            "8": { "start": { "line": 9, "column": 0 }, "end": { "line": 9, "column": 17 } },
            "9": { "start": { "line": 10, "column": 0 }, "end": { "line": 10, "column": 69 } },
            "10": { "start": { "line": 11, "column": 0 }, "end": { "line": 11, "column": 46 } },
            "11": { "start": { "line": 12, "column": 0 }, "end": { "line": 12, "column": 11 } },
            "12": { "start": { "line": 13, "column": 0 }, "end": { "line": 13, "column": 6 } },
            "13": { "start": { "line": 14, "column": 0 }, "end": { "line": 14, "column": 36 } },
            "14": { "start": { "line": 15, "column": 0 }, "end": { "line": 15, "column": 42 } },
            "15": { "start": { "line": 16, "column": 0 }, "end": { "line": 16, "column": 3 } },
            "16": { "start": { "line": 17, "column": 0 }, "end": { "line": 17, "column": 0 } },
            "17": { "start": { "line": 18, "column": 0 }, "end": { "line": 18, "column": 36 } },
            "18": { "start": { "line": 19, "column": 0 }, "end": { "line": 19, "column": 5 } },
            "19": { "start": { "line": 20, "column": 0 }, "end": { "line": 20, "column": 22 } },
            "20": { "start": { "line": 21, "column": 0 }, "end": { "line": 21, "column": 17 } },
            "21": { "start": { "line": 22, "column": 0 }, "end": { "line": 22, "column": 47 } },
            "22": { "start": { "line": 23, "column": 0 }, "end": { "line": 23, "column": 13 } },
            "23": { "start": { "line": 24, "column": 0 }, "end": { "line": 24, "column": 23 } },
            "24": { "start": { "line": 25, "column": 0 }, "end": { "line": 25, "column": 25 } },
            "25": { "start": { "line": 26, "column": 0 }, "end": { "line": 26, "column": 28 } },
            "26": { "start": { "line": 27, "column": 0 }, "end": { "line": 27, "column": 34 } },
            "27": { "start": { "line": 28, "column": 0 }, "end": { "line": 28, "column": 29 } },
            "28": { "start": { "line": 29, "column": 0 }, "end": { "line": 29, "column": 32 } },
            "29": { "start": { "line": 30, "column": 0 }, "end": { "line": 30, "column": 38 } },
            "30": { "start": { "line": 31, "column": 0 }, "end": { "line": 31, "column": 34 } },
            "31": { "start": { "line": 32, "column": 0 }, "end": { "line": 32, "column": 40 } },
            "32": { "start": { "line": 33, "column": 0 }, "end": { "line": 33, "column": 19 } },
            "33": { "start": { "line": 34, "column": 0 }, "end": { "line": 34, "column": 14 } },
            "34": { "start": { "line": 35, "column": 0 }, "end": { "line": 35, "column": 69 } },
            "35": { "start": { "line": 36, "column": 0 }, "end": { "line": 36, "column": 60 } },
            "36": { "start": { "line": 37, "column": 0 }, "end": { "line": 37, "column": 11 } },
            "37": { "start": { "line": 38, "column": 0 }, "end": { "line": 38, "column": 6 } },
            "38": { "start": { "line": 39, "column": 0 }, "end": { "line": 39, "column": 34 } },
            "39": { "start": { "line": 40, "column": 0 }, "end": { "line": 40, "column": 40 } },
            "40": { "start": { "line": 41, "column": 0 }, "end": { "line": 41, "column": 3 } }
        },
        "s": {
            "0": 6,
            "1": 6,
            "2": 6,
            "3": 6,
            "4": 6,
            "5": 6,
            "6": 6,
            "7": 6,
            "8": 6,
            "9": 6,
            "10": 6,
            "11": 6,
            "12": 6,
            "13": 6,
            "14": 6,
            "15": 6,
            "16": 6,
            "17": 6,
            "18": 6,
            "19": 6,
            "20": 6,
            "21": 6,
            "22": 6,
            "23": 6,
            "24": 6,
            "25": 6,
            "26": 6,
            "27": 6,
            "28": 6,
            "29": 6,
            "30": 6,
            "31": 6,
            "32": 6,
            "33": 6,
            "34": 6,
            "35": 6,
            "36": 6,
            "37": 6,
            "38": 6,
            "39": 6,
            "40": 6
        },
        "branchMap": {
            "0": {
                "type": "branch",
                "line": 1,
                "loc": { "start": { "line": 1, "column": 0 }, "end": { "line": 41, "column": 3 } },
                "locations": [
                    { "start": { "line": 1, "column": 0 }, "end": { "line": 41, "column": 3 } }
                ]
            }
        },
        "b": { "0": [6] },
        "fnMap": {},
        "f": {}
    }
}
