TN:
SF:src/env.js
FNF:0
FNH:0
DA:1,4
DA:2,4
DA:3,4
DA:4,4
DA:5,4
DA:6,4
DA:7,4
DA:8,4
DA:9,4
DA:10,4
DA:11,4
DA:12,4
DA:13,4
DA:14,4
DA:15,4
DA:16,4
DA:17,4
DA:18,4
DA:19,4
DA:20,4
DA:21,4
DA:22,4
DA:23,4
DA:24,4
DA:25,4
DA:26,4
DA:27,4
DA:28,4
DA:29,4
DA:30,4
LF:30
LH:30
BRDA:1,0,0,4
BRDA:3,1,0,0
BRF:2
BRH:1
end_of_record
TN:
SF:src/logger.js
FN:2,debug
FN:6,info
FN:10,warn
FN:14,error
FNF:4
FNH:2
FNDA:0,debug
FNDA:47,info
FNDA:0,warn
FNDA:1,error
DA:1,7
DA:2,7
DA:3,0
DA:4,0
DA:5,7
DA:6,7
DA:7,47
DA:8,47
DA:9,7
DA:10,7
DA:11,0
DA:12,0
DA:13,7
DA:14,7
DA:15,1
DA:16,1
DA:17,7
DA:18,7
DA:19,7
DA:20,7
DA:21,7
LF:21
LH:17
BRDA:1,0,0,7
BRDA:6,1,0,47
BRDA:14,2,0,1
BRF:3
BRH:3
end_of_record
TN:
SF:src/clients/WebSocketSupervisor.js
FN:6,WebSocketSupervisor
FN:12,setupWebSocket
FN:38,connectionPromise
FN:46,closePromise
FNF:4
FNH:4
FNDA:45,WebSocketSupervisor
FNDA:19,setupWebSocket
FNDA:19,connectionPromise
FNDA:17,closePromise
DA:1,5
DA:2,5
DA:3,5
DA:4,5
DA:5,5
DA:6,5
DA:7,45
DA:8,45
DA:9,45
DA:10,45
DA:11,5
DA:12,5
DA:13,19
DA:14,19
DA:15,19
DA:16,19
DA:17,19
DA:18,19
DA:19,19
DA:20,12
DA:21,12
DA:22,19
DA:23,19
DA:24,19
DA:25,0
DA:26,19
DA:27,19
DA:28,19
DA:29,18
DA:30,18
DA:31,18
DA:32,18
DA:33,19
DA:34,19
DA:35,19
DA:36,19
DA:37,5
DA:38,5
DA:39,19
DA:40,19
DA:41,19
DA:42,19
DA:43,19
DA:44,19
DA:45,5
DA:46,5
DA:47,17
DA:48,17
DA:49,17
DA:50,17
DA:51,17
DA:52,17
DA:53,5
DA:54,5
DA:55,5
LF:55
LH:54
BRDA:1,0,0,5
BRDA:6,1,0,45
BRDA:12,2,0,19
BRDA:15,3,0,19
BRDA:19,4,0,12
BRDA:28,5,0,18
BRDA:38,6,0,19
BRDA:39,7,0,19
BRDA:40,8,0,19
BRDA:46,9,0,17
BRDA:47,10,0,17
BRDA:48,11,0,17
BRF:12
BRH:12
end_of_record
TN:
SF:src/integrations/binance/spot/BinanceSpotApi.js
FN:7,BinanceSpotApi
FN:13,request
FN:33,httpClient.transformResponse
FN:41,prepareData
FNF:4
FNH:3
FNDA:1,BinanceSpotApi
FNDA:2,request
FNDA:0,httpClient.transformResponse
FNDA:2,prepareData
DA:1,1
DA:2,1
DA:3,1
DA:4,1
DA:5,1
DA:6,1
DA:7,1
DA:8,1
DA:9,1
DA:10,1
DA:11,1
DA:12,1
DA:13,1
DA:14,2
DA:15,2
DA:16,2
DA:17,1
DA:18,1
DA:19,1
DA:20,1
DA:21,1
DA:22,1
DA:23,1
DA:24,1
DA:25,1
DA:26,1
DA:27,1
DA:28,1
DA:29,1
DA:30,1
DA:31,1
DA:32,1
DA:33,1
DA:34,0
DA:35,0
DA:36,1
DA:37,1
DA:38,1
DA:39,2
DA:40,1
DA:41,1
DA:42,2
DA:43,2
DA:44,2
DA:45,2
DA:46,2
DA:47,2
DA:48,1
DA:49,1
DA:50,1
LF:50
LH:48
BRDA:1,0,0,1
BRDA:7,1,0,1
BRDA:13,2,0,2
BRDA:16,3,0,1
BRDA:41,4,0,2
BRF:5
BRH:5
end_of_record
TN:
SF:src/integrations/binance/spot/constants.js
FNF:0
FNH:0
DA:1,1
DA:2,1
DA:3,1
DA:4,1
DA:5,1
DA:6,1
DA:7,1
DA:8,1
DA:9,1
DA:10,1
DA:11,1
DA:12,1
DA:13,1
DA:14,1
LF:14
LH:14
BRDA:1,0,0,1
BRDA:7,1,0,0
BRF:2
BRH:1
end_of_record
TN:
SF:src/integrations/binance/streams/BinanceStream.js
FN:9,BinanceStream
FN:20,addEventListeners
FN:32,handleMessage
FN:42,handlePayload
FN:54,handleTickerUpdate
FN:60,handleExecutionReport
FN:82,handleOutboundAccountPosition
FNF:7
FNH:5
FNDA:6,BinanceStream
FNDA:6,addEventListeners
FNDA:5,handleMessage
FNDA:4,handlePayload
FNDA:3,handleTickerUpdate
FNDA:0,handleExecutionReport
FNDA:0,handleOutboundAccountPosition
DA:1,1
DA:2,1
DA:3,1
DA:4,1
DA:5,1
DA:6,1
DA:7,1
DA:8,1
DA:9,1
DA:10,6
DA:11,6
DA:12,6
DA:13,6
DA:14,6
DA:15,6
DA:16,6
DA:17,6
DA:18,6
DA:19,1
DA:20,1
DA:21,6
DA:22,12
DA:23,5
DA:24,12
DA:25,12
DA:26,12
DA:27,0
DA:28,12
DA:29,6
DA:30,6
DA:31,1
DA:32,1
DA:33,5
DA:34,2
DA:35,5
DA:36,2
DA:37,3
DA:38,1
DA:39,1
DA:40,5
DA:41,1
DA:42,1
DA:43,4
DA:44,3
DA:45,4
DA:46,0
DA:47,1
DA:48,0
DA:49,1
DA:50,1
DA:51,1
DA:52,4
DA:53,1
DA:54,1
DA:55,3
DA:56,3
DA:57,3
DA:58,3
DA:59,1
DA:60,1
DA:61,0
DA:62,0
DA:63,0
DA:64,0
DA:65,0
DA:66,0
DA:67,0
DA:68,0
DA:69,0
DA:70,0
DA:71,0
DA:72,0
DA:73,0
DA:74,0
DA:75,0
DA:76,0
DA:77,0
DA:78,0
DA:79,0
DA:80,0
DA:81,1
DA:82,1
DA:83,0
DA:84,0
DA:85,0
DA:86,1
DA:87,1
DA:88,1
LF:88
LH:62
BRDA:1,0,0,1
BRDA:9,1,0,6
BRDA:20,2,0,6
BRDA:21,3,0,12
BRDA:22,4,0,5
BRDA:32,5,0,5
BRDA:33,6,0,2
BRDA:35,7,0,3
BRDA:35,8,0,2
BRDA:37,9,0,1
BRDA:42,10,0,4
BRDA:43,11,0,3
BRDA:45,12,0,1
BRDA:45,13,0,0
BRDA:47,14,0,0
BRDA:54,15,0,3
BRF:16
BRH:14
end_of_record
TN:
SF:src/integrations/binance/streams/BinanceStreamSupervisor.js
FN:10,BinanceStreamSupervisor
FN:22,initializeStreams
FN:45,connect
FN:51,connectByUid
FN:68,close
FN:74,startUserDataStream
FN:86,userDataStreamPromise
FN:104,connectUserDataStream
FNF:8
FNH:6
FNDA:9,BinanceStreamSupervisor
FNDA:9,initializeStreams
FNDA:0,connect
FNDA:0,connectByUid
FNDA:9,close
FNDA:1,startUserDataStream
FNDA:1,userDataStreamPromise
FNDA:1,connectUserDataStream
DA:1,2
DA:2,2
DA:3,2
DA:4,2
DA:5,2
DA:6,2
DA:7,2
DA:8,2
DA:9,2
DA:10,2
DA:11,9
DA:12,9
DA:13,9
DA:14,9
DA:15,9
DA:16,9
DA:17,9
DA:18,9
DA:19,9
DA:20,9
DA:21,2
DA:22,2
DA:23,9
DA:24,9
DA:25,9
DA:26,9
DA:27,9
DA:28,9
DA:29,9
DA:30,9
DA:31,9
DA:32,9
DA:33,9
DA:34,9
DA:35,9
DA:36,27
DA:37,27
DA:38,27
DA:39,27
DA:40,27
DA:41,27
DA:42,9
DA:43,9
DA:44,2
DA:45,2
DA:46,0
DA:47,0
DA:48,0
DA:49,0
DA:50,2
DA:51,2
DA:52,0
DA:53,0
DA:54,0
DA:55,0
DA:56,0
DA:57,0
DA:58,0
DA:59,0
DA:60,0
DA:61,0
DA:62,0
DA:63,0
DA:64,0
DA:65,0
DA:66,0
DA:67,2
DA:68,2
DA:69,9
DA:70,9
DA:71,9
DA:72,9
DA:73,2
DA:74,2
DA:75,1
DA:76,1
DA:77,1
DA:78,1
DA:79,1
DA:80,1
DA:81,1
DA:82,1
DA:83,1
DA:84,1
DA:85,2
DA:86,2
DA:87,1
DA:88,1
DA:89,1
DA:90,1
DA:91,1
DA:92,1
DA:93,1
DA:94,1
DA:95,1
DA:96,1
DA:97,1
DA:98,1
DA:99,0
DA:100,0
DA:101,1
DA:102,1
DA:103,2
DA:104,2
DA:105,1
DA:106,1
DA:107,1
DA:108,1
DA:109,1
DA:110,0
DA:111,1
DA:112,2
DA:113,2
DA:114,2
LF:114
LH:92
BRDA:1,0,0,2
BRDA:10,1,0,9
BRDA:22,2,0,9
BRDA:35,3,0,27
BRDA:68,4,0,9
BRDA:74,5,0,1
BRDA:86,6,0,1
BRDA:87,7,0,1
BRDA:88,8,0,1
BRDA:92,9,0,1
BRDA:95,10,0,1
BRDA:104,11,0,1
BRDA:110,12,0,0
BRF:13
BRH:12
end_of_record
TN:
SF:src/integrations/binance/streams/constants.js
FNF:0
FNH:0
DA:1,2
DA:2,2
DA:3,2
DA:4,2
DA:5,2
DA:6,2
DA:7,2
DA:8,2
DA:9,2
DA:10,2
DA:11,2
LF:11
LH:11
BRDA:1,0,0,2
BRDA:10,1,0,0
BRF:2
BRH:1
end_of_record
TN:
SF:src/integrations/binance/websocket/BinanceWebSocket.js
FN:9,BinanceWebSocket
FN:20,addEventListeners
FN:30,handleMessage
FN:39,handleResponse
FNF:4
FNH:4
FNDA:14,BinanceWebSocket
FNDA:14,addEventListeners
FNDA:6,handleMessage
FNDA:5,handleResponse
DA:1,3
DA:2,3
DA:3,3
DA:4,3
DA:5,3
DA:6,3
DA:7,3
DA:8,3
DA:9,3
DA:10,14
DA:11,14
DA:12,14
DA:13,14
DA:14,14
DA:15,14
DA:16,14
DA:17,14
DA:18,14
DA:19,3
DA:20,3
DA:21,14
DA:22,6
DA:23,14
DA:24,14
DA:25,14
DA:26,0
DA:27,14
DA:28,14
DA:29,3
DA:30,3
DA:31,6
DA:32,6
DA:33,5
DA:34,6
DA:35,1
DA:36,1
DA:37,6
DA:38,3
DA:39,3
DA:40,5
DA:41,5
DA:42,1
DA:43,1
DA:44,5
DA:45,1
DA:46,1
DA:47,1
DA:48,1
DA:49,1
DA:50,5
DA:51,2
DA:52,2
DA:53,2
DA:54,5
DA:55,1
DA:56,1
DA:57,5
DA:58,0
DA:59,5
DA:60,5
DA:61,3
DA:62,3
DA:63,3
LF:63
LH:61
BRDA:1,0,0,3
BRDA:9,1,0,14
BRDA:20,2,0,14
BRDA:21,3,0,6
BRDA:30,4,0,6
BRDA:32,5,0,5
BRDA:34,6,0,1
BRDA:39,7,0,5
BRDA:41,8,0,1
BRDA:44,9,0,1
BRDA:50,10,0,2
BRDA:54,11,0,1
BRDA:57,12,0,0
BRF:13
BRH:12
end_of_record
TN:
SF:src/integrations/binance/websocket/BinanceWebSocketSupervisor.js
FN:7,BinanceWebSocketSupervisor
FN:17,addConnectionEventListeners
FN:32,connect
FN:41,close
FN:59,send
FN:73,handleErrors
FN:77,ping
FN:81,getAccountStatus
FN:91,placeOrder
FNF:9
FNH:9
FNDA:35,BinanceWebSocketSupervisor
FNDA:18,addConnectionEventListeners
FNDA:18,connect
FNDA:36,close
FNDA:6,send
FNDA:1,handleErrors
FNDA:1,ping
FNDA:1,getAccountStatus
FNDA:1,placeOrder
DA:1,4
DA:2,4
DA:3,4
DA:4,4
DA:5,4
DA:6,4
DA:7,4
DA:8,35
DA:9,35
DA:10,35
DA:11,35
DA:12,35
DA:13,35
DA:14,35
DA:15,35
DA:16,4
DA:17,4
DA:18,18
DA:19,18
DA:20,18
DA:21,18
DA:22,18
DA:23,18
DA:24,18
DA:25,1
DA:26,18
DA:27,0
DA:28,0
DA:29,18
DA:30,18
DA:31,4
DA:32,4
DA:33,18
DA:34,0
DA:35,0
DA:36,18
DA:37,18
DA:38,18
DA:39,18
DA:40,4
DA:41,4
DA:42,36
DA:43,17
DA:44,17
DA:45,19
DA:46,36
DA:47,17
DA:48,17
DA:49,17
DA:50,2
DA:51,2
DA:52,2
DA:53,2
DA:54,36
DA:55,36
DA:56,36
DA:57,36
DA:58,4
DA:59,4
DA:60,6
DA:61,6
DA:62,6
DA:63,6
DA:64,6
DA:65,1
DA:66,1
DA:67,1
DA:68,5
DA:69,5
DA:70,5
DA:71,6
DA:72,4
DA:73,4
DA:74,1
DA:75,1
DA:76,4
DA:77,4
DA:78,1
DA:79,1
DA:80,4
DA:81,4
DA:82,1
DA:83,1
DA:84,1
DA:85,1
DA:86,1
DA:87,1
DA:88,1
DA:89,1
DA:90,4
DA:91,4
DA:92,1
DA:93,1
DA:94,4
DA:95,4
DA:96,4
LF:96
LH:92
BRDA:1,0,0,4
BRDA:7,1,0,35
BRDA:17,2,0,18
BRDA:18,3,0,18
BRDA:22,4,0,18
BRDA:24,5,0,17
BRDA:25,6,0,1
BRDA:26,7,0,0
BRDA:32,8,0,18
BRDA:33,9,0,0
BRDA:33,10,0,0
BRDA:41,11,0,36
BRDA:42,12,0,17
BRDA:45,13,0,19
BRDA:46,14,0,17
BRDA:50,15,0,2
BRDA:59,16,0,6
BRDA:64,17,0,5
BRDA:64,18,0,1
BRDA:73,19,0,1
BRDA:77,20,0,1
BRDA:81,21,0,1
BRDA:91,22,0,1
BRF:23
BRH:20
end_of_record
TN:
SF:src/integrations/binance/websocket/constants.js
FNF:0
FNH:0
DA:1,3
DA:2,3
DA:3,3
DA:4,3
DA:5,3
DA:6,3
DA:7,3
DA:8,3
LF:8
LH:8
BRDA:1,0,0,3
BRDA:8,1,0,0
BRF:2
BRH:1
end_of_record
TN:
SF:src/models/requests/BinanceRequest.js
FN:13,BinanceRequest
FN:26,build
FN:38,authenticate
FN:52,signEd25519
FN:64,signHmac
FN:71,buildBody
FN:81,validate
FNF:7
FNH:6
FNDA:13,BinanceRequest
FNDA:13,build
FNDA:8,authenticate
FNDA:3,signEd25519
FNDA:0,signHmac
FNDA:8,buildBody
FNDA:13,validate
DA:1,6
DA:2,6
DA:3,6
DA:4,6
DA:5,6
DA:6,6
DA:7,6
DA:8,6
DA:9,6
DA:10,6
DA:11,6
DA:12,6
DA:13,6
DA:14,13
DA:15,13
DA:16,13
DA:17,13
DA:18,13
DA:19,13
DA:20,13
DA:21,13
DA:22,13
DA:23,13
DA:24,13
DA:25,6
DA:26,6
DA:27,13
DA:28,13
DA:29,13
DA:30,8
DA:31,8
DA:32,8
DA:33,11
DA:34,5
DA:35,5
DA:36,13
DA:37,6
DA:38,6
DA:39,8
DA:40,4
DA:41,4
DA:42,3
DA:43,3
DA:44,8
DA:45,0
DA:46,0
DA:47,8
DA:48,1
DA:49,8
DA:50,8
DA:51,6
DA:52,6
DA:53,3
DA:54,3
DA:55,3
DA:56,3
DA:57,3
DA:58,3
DA:59,3
DA:60,3
DA:61,3
DA:62,3
DA:63,6
DA:64,6
DA:65,0
DA:66,0
DA:67,0
DA:68,0
DA:69,0
DA:70,6
DA:71,6
DA:72,8
DA:73,8
DA:74,8
DA:75,8
DA:76,8
DA:77,5
DA:78,5
DA:79,8
DA:80,6
DA:81,6
DA:82,13
DA:83,13
DA:84,13
DA:85,13
DA:86,13
DA:87,13
DA:88,13
DA:89,13
DA:90,13
DA:91,34
DA:92,4
DA:93,4
DA:94,4
DA:95,13
DA:96,13
DA:97,13
DA:98,34
DA:99,1
DA:100,1
DA:101,1
DA:102,13
DA:103,13
DA:104,6
DA:105,6
DA:106,6
LF:106
LH:99
BRDA:1,0,0,6
BRDA:13,1,0,13
BRDA:26,2,0,13
BRDA:29,3,0,11
BRDA:29,4,0,8
BRDA:33,5,0,5
BRDA:38,6,0,8
BRDA:39,7,0,4
BRDA:41,8,0,3
BRDA:44,9,0,0
BRDA:47,10,0,1
BRDA:52,11,0,3
BRDA:71,12,0,8
BRDA:76,13,0,5
BRDA:81,14,0,13
BRDA:82,15,0,2
BRDA:88,16,0,11
BRDA:88,17,0,11
BRDA:88,18,0,9
BRDA:90,19,0,34
BRDA:91,20,0,4
BRDA:97,21,0,34
BRDA:98,22,0,16
BRDA:98,23,0,1
BRF:24
BRH:23
end_of_record
TN:
SF:src/models/requests/auth.js
FN:6,serializePrivateKey
FN:15,serializePublicKey
FN:24,buildSignaturePayload
FN:29,signatureBuffer
FN:33,sortPayload
FN:42,signEd25519
FN:46,checkEd25519
FN:50,signHmac
FNF:8
FNH:7
FNDA:8,serializePrivateKey
FNDA:3,serializePublicKey
FNDA:4,buildSignaturePayload
FNDA:4,signatureBuffer
FNDA:4,sortPayload
FNDA:4,signEd25519
FNDA:1,checkEd25519
FNDA:0,signHmac
DA:1,7
DA:2,7
DA:3,7
DA:4,7
DA:5,7
DA:6,7
DA:7,8
DA:8,1
DA:9,1
DA:10,7
DA:11,7
DA:12,7
DA:13,7
DA:14,7
DA:15,7
DA:16,3
DA:17,1
DA:18,1
DA:19,2
DA:20,2
DA:21,2
DA:22,7
DA:23,7
DA:24,7
DA:25,4
DA:26,4
DA:27,7
DA:28,7
DA:29,7
DA:30,4
DA:31,7
DA:32,7
DA:33,7
DA:34,4
DA:35,4
DA:36,4
DA:37,26
DA:38,26
DA:39,4
DA:40,7
DA:41,7
DA:42,7
DA:43,4
DA:44,7
DA:45,7
DA:46,7
DA:47,1
DA:48,7
DA:49,7
DA:50,7
DA:51,0
DA:52,0
DA:53,7
LF:53
LH:51
BRDA:1,0,0,7
BRDA:6,1,0,8
BRDA:7,2,0,1
BRDA:10,3,0,7
BRDA:15,4,0,3
BRDA:16,5,0,1
BRDA:19,6,0,2
BRDA:24,7,0,4
BRDA:29,8,0,4
BRDA:33,9,0,4
BRDA:36,10,0,26
BRDA:42,11,0,4
BRDA:46,12,0,1
BRF:13
BRH:13
end_of_record
TN:
SF:src/models/requests/constants.js
FNF:0
FNH:0
DA:1,6
DA:2,6
DA:3,6
DA:4,6
DA:5,6
DA:6,6
DA:7,6
DA:8,6
DA:9,6
DA:10,6
DA:11,6
DA:12,6
DA:13,6
DA:14,6
DA:15,6
DA:16,6
DA:17,6
DA:18,6
DA:19,6
DA:20,6
DA:21,6
DA:22,6
DA:23,6
DA:24,6
DA:25,6
DA:26,6
DA:27,6
DA:28,6
DA:29,6
DA:30,6
DA:31,6
DA:32,6
DA:33,6
DA:34,6
DA:35,6
DA:36,6
DA:37,6
DA:38,6
DA:39,6
DA:40,6
DA:41,6
LF:41
LH:41
BRDA:1,0,0,6
BRF:1
BRH:1
end_of_record
